<?xml version="1.0" encoding="UTF-8" ?>
<testsuite tests="1" failures="1" name="TestRunner" time="45.038" errors="0" skipped="0">
  <properties>
[...]
</properties>
  <testcase classname="TestRunner" name="testParallel" time="45.038">
    <failure message="match failed: CONTAINS
  $ | actual does not contain expected (STRING:STRING)
  &apos;Please fill the required fields.&apos;
  &apos;be.user.required&apos;

classpath:features/basketApi/customer_address_create.feature:72
status code was: 400, expected: 203, response time in milliseconds: 758, url: https://testapi.popcornvan.cloud/user/Customer/LoginWithPhone, response: 
{&quot;validations&quot;:{&quot;phoneNumber&quot;:[&quot;This user does not exist. Please Sign up.&quot;]},&quot;typeCode&quot;:400,&quot;type&quot;:&quot;validation&quot;,&quot;action&quot;:&quot;default&quot;,&quot;visible&quot;:true,&quot;title&quot;:null,&quot;messages&quot;:[&quot;This user does not exist. Please Sign up.&quot;],&quot;message&quot;:&quot;This user does not exist. Please Sign up.&quot;}
classpath:features/userApi/customer/customer_login_with_phone.feature:26" type="java.lang.AssertionError">java.lang.AssertionError: match failed: CONTAINS
  $ | actual does not contain expected (STRING:STRING)
  &apos;Please fill the required fields.&apos;
  &apos;be.user.required&apos;

classpath:features/basketApi/customer_address_create.feature:72
status code was: 400, expected: 203, response time in milliseconds: 758, url: https://testapi.popcornvan.cloud/user/Customer/LoginWithPhone, response: 
{&quot;validations&quot;:{&quot;phoneNumber&quot;:[&quot;This user does not exist. Please Sign up.&quot;]},&quot;typeCode&quot;:400,&quot;type&quot;:&quot;validation&quot;,&quot;action&quot;:&quot;default&quot;,&quot;visible&quot;:true,&quot;title&quot;:null,&quot;messages&quot;:[&quot;This user does not exist. Please Sign up.&quot;],&quot;message&quot;:&quot;This user does not exist. Please Sign up.&quot;}
classpath:features/userApi/customer/customer_login_with_phone.feature:26
	at org.junit.Assert.fail(Assert.java:88)
	at org.junit.Assert.assertTrue(Assert.java:41)
	at TestRunner.testParallel(TestRunner.java:24)
	at java.base/jdk.internal.reflect.NativeMethodAccessorImpl.invoke0(Native Method)
	at java.base/jdk.internal.reflect.NativeMethodAccessorImpl.invoke(NativeMethodAccessorImpl.java:77)
	at java.base/jdk.internal.reflect.DelegatingMethodAccessorImpl.invoke(DelegatingMethodAccessorImpl.java:43)
	at java.base/java.lang.reflect.Method.invoke(Method.java:568)
	at org.junit.runners.model.FrameworkMethod$1.runReflectiveCall(FrameworkMethod.java:50)
	at org.junit.internal.runners.model.ReflectiveCallable.run(ReflectiveCallable.java:12)
	at org.junit.runners.model.FrameworkMethod.invokeExplosively(FrameworkMethod.java:47)
	at org.junit.internal.runners.statements.InvokeMethod.evaluate(InvokeMethod.java:17)
	at org.junit.runners.ParentRunner.runLeaf(ParentRunner.java:325)
	at org.junit.runners.BlockJUnit4ClassRunner.runChild(BlockJUnit4ClassRunner.java:78)
	at org.junit.runners.BlockJUnit4ClassRunner.runChild(BlockJUnit4ClassRunner.java:57)
	at org.junit.runners.ParentRunner$3.run(ParentRunner.java:290)
	at org.junit.runners.ParentRunner$1.schedule(ParentRunner.java:71)
	at org.junit.runners.ParentRunner.runChildren(ParentRunner.java:288)
	at org.junit.runners.ParentRunner.access$000(ParentRunner.java:58)
	at org.junit.runners.ParentRunner$2.evaluate(ParentRunner.java:268)
	at org.junit.runners.ParentRunner.run(ParentRunner.java:363)
	at org.apache.maven.surefire.junit4.JUnit4Provider.execute(JUnit4Provider.java:252)
	at org.apache.maven.surefire.junit4.JUnit4Provider.executeTestSet(JUnit4Provider.java:141)
	at org.apache.maven.surefire.junit4.JUnit4Provider.invoke(JUnit4Provider.java:112)
	at java.base/jdk.internal.reflect.NativeMethodAccessorImpl.invoke0(Native Method)
	at java.base/jdk.internal.reflect.NativeMethodAccessorImpl.invoke(NativeMethodAccessorImpl.java:77)
	at java.base/jdk.internal.reflect.DelegatingMethodAccessorImpl.invoke(DelegatingMethodAccessorImpl.java:43)
	at java.base/java.lang.reflect.Method.invoke(Method.java:568)
	at org.apache.maven.surefire.util.ReflectionUtils.invokeMethodWithArray(ReflectionUtils.java:189)
	at org.apache.maven.surefire.booter.ProviderFactory$ProviderProxy.invoke(ProviderFactory.java:165)
	at org.apache.maven.surefire.booter.ProviderFactory.invokeProvider(ProviderFactory.java:85)
	at org.apache.maven.surefire.booter.ForkedBooter.runSuitesInProcess(ForkedBooter.java:115)
	at org.apache.maven.surefire.booter.ForkedBooter.main(ForkedBooter.java:75)
</failure>
    <system-out>17:43:29.781 [main] INFO  com.intuit.karate.Runner - karate.env is: &apos;popcorn&apos;
17:43:32.455 [pool-1-thread-1] INFO  com.intuit.karate - Environment variable is : popcorn 
17:43:32.455 [pool-1-thread-3] INFO  com.intuit.karate - Environment variable is : popcorn 
17:43:32.455 [pool-1-thread-5] INFO  com.intuit.karate - Environment variable is : popcorn 
17:43:32.455 [pool-1-thread-2] INFO  com.intuit.karate - Environment variable is : popcorn 
17:43:32.455 [pool-1-thread-4] INFO  com.intuit.karate - Environment variable is : popcorn 
17:43:32.462 [pool-1-thread-5] INFO  com.intuit.karate - &gt;&gt; lock acquired, begin callSingle: classpath:features/userApi/customer/customer_login_authentication.feature
17:43:33.976 [pool-1-thread-5] INFO  com.intuit.karate - &lt;&lt; lock released, cached callSingle: classpath:features/userApi/customer/customer_login_authentication.feature
17:43:33.978 [pool-1-thread-3] WARN  com.intuit.karate - this thread waited 1516 milliseconds for callSingle lock: classpath:features/userApi/customer/customer_login_authentication.feature
17:43:33.979 [pool-1-thread-1] WARN  com.intuit.karate - this thread waited 1517 milliseconds for callSingle lock: classpath:features/userApi/customer/customer_login_authentication.feature
17:43:33.979 [pool-1-thread-2] WARN  com.intuit.karate - this thread waited 1517 milliseconds for callSingle lock: classpath:features/userApi/customer/customer_login_authentication.feature
17:43:33.979 [pool-1-thread-4] WARN  com.intuit.karate - this thread waited 1517 milliseconds for callSingle lock: classpath:features/userApi/customer/customer_login_authentication.feature
17:43:35.563 [pool-1-thread-4] INFO  com.intuit.karate - [print] {
  &quot;visible&quot;: true,
  &quot;action&quot;: &quot;default&quot;,
  &quot;messages&quot;: [
    &quot;Outside of service area!&quot;
  ],
  &quot;validations&quot;: {
    &quot;longitude&quot;: [
      &quot;Outside of service area!&quot;
    ]
  },
  &quot;type&quot;: &quot;validation&quot;,
  &quot;title&quot;: null,
  &quot;message&quot;: &quot;Outside of service area!&quot;,
  &quot;typeCode&quot;: 400
}
 
17:43:35.564 [pool-1-thread-1] INFO  com.intuit.karate - [print] {
  &quot;titleType&quot;: 10,
  &quot;streetAddress&quot;: &quot;280 Mornigside Dr, San Francisco&quot;,
  &quot;latitude&quot;: 37.7296159,
  &quot;additionalInfo&quot;: &quot;string&quot;,
  &quot;isSelectedShippingAddress&quot;: false,
  &quot;id&quot;: &quot;bc7ec2e5-a2e7-453b-8c16-33e7f87645f6&quot;,
  &quot;title&quot;: &quot;string&quot;,
  &quot;type&quot;: 1,
  &quot;longitude&quot;: -122.4936448
}
 
17:43:35.563 [pool-1-thread-2] INFO  com.intuit.karate - [print] {
  &quot;visible&quot;: true,
  &quot;action&quot;: &quot;default&quot;,
  &quot;messages&quot;: [
    &quot;Error converting value \&quot;123\&quot; to type &apos;System.Guid&apos;. Path &apos;id&apos;, line 1, position 11.&quot;
  ],
  &quot;validations&quot;: {
    &quot;id&quot;: [
      &quot;Error converting value \&quot;123\&quot; to type &apos;System.Guid&apos;. Path &apos;id&apos;, line 1, position 11.&quot;
    ]
  },
  &quot;type&quot;: &quot;validation&quot;,
  &quot;title&quot;: null,
  &quot;message&quot;: &quot;Error converting value \&quot;123\&quot; to type &apos;System.Guid&apos;. Path &apos;id&apos;, line 1, position 11.&quot;,
  &quot;typeCode&quot;: 400
}
 
17:43:35.632 [pool-1-thread-2] INFO  com.intuit.karate - Environment variable is : popcorn 
17:43:35.632 [pool-1-thread-4] INFO  com.intuit.karate - Environment variable is : popcorn 
17:43:35.632 [pool-1-thread-1] INFO  com.intuit.karate - Environment variable is : popcorn 
17:43:36.419 [pool-1-thread-3] INFO  com.intuit.karate - [print] {
  &quot;visible&quot;: true,
  &quot;action&quot;: &quot;default&quot;,
  &quot;messages&quot;: [
    &quot;Outside of service area!&quot;
  ],
  &quot;validations&quot;: {
    &quot;longitude&quot;: [
      &quot;Outside of service area!&quot;
    ]
  },
  &quot;type&quot;: &quot;validation&quot;,
  &quot;title&quot;: null,
  &quot;message&quot;: &quot;Outside of service area!&quot;,
  &quot;typeCode&quot;: 400
}
 
17:43:36.419 [pool-1-thread-5] INFO  com.intuit.karate - [print] {
  &quot;visible&quot;: true,
  &quot;action&quot;: &quot;default&quot;,
  &quot;messages&quot;: [
    &quot;be.user.length&quot;
  ],
  &quot;validations&quot;: {
    &quot;streetAddress&quot;: [
      &quot;be.user.length&quot;
    ]
  },
  &quot;type&quot;: &quot;validation&quot;,
  &quot;title&quot;: null,
  &quot;message&quot;: &quot;be.user.length&quot;,
  &quot;typeCode&quot;: 400
}
 
17:43:36.445 [pool-1-thread-5] INFO  com.intuit.karate - Environment variable is : popcorn 
17:43:36.445 [pool-1-thread-3] INFO  com.intuit.karate - Environment variable is : popcorn 
17:43:36.780 [pool-1-thread-4] INFO  com.intuit.karate - [print] {
  &quot;visible&quot;: true,
  &quot;action&quot;: &quot;default&quot;,
  &quot;messages&quot;: [
    &quot;Could not convert string to double: a. Path &apos;latitude&apos;, line 1, position 202.&quot;
  ],
  &quot;validations&quot;: {
    &quot;latitude&quot;: [
      &quot;Could not convert string to double: a. Path &apos;latitude&apos;, line 1, position 202.&quot;
    ]
  },
  &quot;type&quot;: &quot;validation&quot;,
  &quot;title&quot;: null,
  &quot;message&quot;: &quot;Could not convert string to double: a. Path &apos;latitude&apos;, line 1, position 202.&quot;,
  &quot;typeCode&quot;: 400
}
 
17:43:36.786 [pool-1-thread-4] INFO  com.intuit.karate - Environment variable is : popcorn 
17:43:36.799 [pool-1-thread-2] INFO  com.intuit.karate - [print] {
  &quot;visible&quot;: true,
  &quot;action&quot;: &quot;default&quot;,
  &quot;messages&quot;: [
    &quot;Could not convert string to double: a. Path &apos;longitude&apos;, line 1, position 178.&quot;
  ],
  &quot;validations&quot;: {
    &quot;longitude&quot;: [
      &quot;Could not convert string to double: a. Path &apos;longitude&apos;, line 1, position 178.&quot;
    ]
  },
  &quot;type&quot;: &quot;validation&quot;,
  &quot;title&quot;: null,
  &quot;message&quot;: &quot;Could not convert string to double: a. Path &apos;longitude&apos;, line 1, position 178.&quot;,
  &quot;typeCode&quot;: 400
}
 
17:43:36.807 [pool-1-thread-2] INFO  com.intuit.karate - Environment variable is : popcorn 
17:43:36.842 [pool-1-thread-1] INFO  com.intuit.karate - [print] {
  &quot;visible&quot;: true,
  &quot;action&quot;: &quot;default&quot;,
  &quot;messages&quot;: [
    &quot;Error converting value \&quot;\&quot; to type &apos;System.Guid&apos;. Path &apos;id&apos;, line 1, position 8.&quot;
  ],
  &quot;validations&quot;: {
    &quot;id&quot;: [
      &quot;Error converting value \&quot;\&quot; to type &apos;System.Guid&apos;. Path &apos;id&apos;, line 1, position 8.&quot;
    ]
  },
  &quot;type&quot;: &quot;validation&quot;,
  &quot;title&quot;: null,
  &quot;message&quot;: &quot;Error converting value \&quot;\&quot; to type &apos;System.Guid&apos;. Path &apos;id&apos;, line 1, position 8.&quot;,
  &quot;typeCode&quot;: 400
}
 
17:43:36.857 [pool-1-thread-1] INFO  com.intuit.karate - Environment variable is : popcorn 
17:43:37.128 [pool-1-thread-5] INFO  com.intuit.karate - [print] {
  &quot;visible&quot;: true,
  &quot;action&quot;: &quot;default&quot;,
  &quot;messages&quot;: [
    &quot;Error converting value {null} to type &apos;System.Double&apos;. Path &apos;longitude&apos;, line 1, position 177.&quot;
  ],
  &quot;validations&quot;: {
    &quot;longitude&quot;: [
      &quot;Error converting value {null} to type &apos;System.Double&apos;. Path &apos;longitude&apos;, line 1, position 177.&quot;
    ]
  },
  &quot;type&quot;: &quot;validation&quot;,
  &quot;title&quot;: null,
  &quot;message&quot;: &quot;Error converting value {null} to type &apos;System.Double&apos;. Path &apos;longitude&apos;, line 1, position 177.&quot;,
  &quot;typeCode&quot;: 400
}
 
17:43:37.148 [pool-1-thread-5] INFO  com.intuit.karate - Environment variable is : popcorn 
17:43:37.264 [pool-1-thread-3] INFO  com.intuit.karate - [print] {
  &quot;visible&quot;: true,
  &quot;action&quot;: &quot;default&quot;,
  &quot;messages&quot;: [
    &quot;Please fill the required fields.&quot;,
    &quot;be.user.length&quot;
  ],
  &quot;validations&quot;: {
    &quot;streetAddress&quot;: [
      &quot;Please fill the required fields.&quot;,
      &quot;be.user.length&quot;
    ]
  },
  &quot;type&quot;: &quot;validation&quot;,
  &quot;title&quot;: null,
  &quot;message&quot;: &quot;Please fill the required fields.&quot;,
  &quot;typeCode&quot;: 400
}
 
17:43:37.268 [pool-1-thread-3] ERROR com.intuit.karate - classpath:features/basketApi/customer_address_create.feature:72
Then match response.message contains &apos;be.user.required&apos;
match failed: CONTAINS
  $ | actual does not contain expected (STRING:STRING)
  &apos;Please fill the required fields.&apos;
  &apos;be.user.required&apos;

classpath:features/basketApi/customer_address_create.feature:72
17:43:37.288 [pool-1-thread-3] INFO  com.intuit.karate - Environment variable is : popcorn 
17:43:37.536 [pool-1-thread-2] INFO  com.intuit.karate - [print] {
  &quot;visible&quot;: true,
  &quot;action&quot;: &quot;default&quot;,
  &quot;messages&quot;: [
    &quot;Error converting value \&quot;123\&quot; to type &apos;System.Guid&apos;. Path &apos;id&apos;, line 1, position 11.&quot;
  ],
  &quot;validations&quot;: {
    &quot;id&quot;: [
      &quot;Error converting value \&quot;123\&quot; to type &apos;System.Guid&apos;. Path &apos;id&apos;, line 1, position 11.&quot;
    ]
  },
  &quot;type&quot;: &quot;validation&quot;,
  &quot;title&quot;: null,
  &quot;message&quot;: &quot;Error converting value \&quot;123\&quot; to type &apos;System.Guid&apos;. Path &apos;id&apos;, line 1, position 11.&quot;,
  &quot;typeCode&quot;: 400
}
 
17:43:37.551 [pool-1-thread-4] INFO  com.intuit.karate - [print] {
  &quot;titleType&quot;: 10,
  &quot;streetAddress&quot;: &quot;280 Mornigside Dr, San Francisco&quot;,
  &quot;latitude&quot;: 37.7296159,
  &quot;additionalInfo&quot;: &quot;string&quot;,
  &quot;isSelectedShippingAddress&quot;: false,
  &quot;id&quot;: &quot;bc7ec2e5-a2e7-453b-8c16-33e7f87645f6&quot;,
  &quot;title&quot;: &quot;string&quot;,
  &quot;type&quot;: 1,
  &quot;longitude&quot;: -122.4936448
}
 
17:43:37.602 [pool-1-thread-2] INFO  com.intuit.karate - Environment variable is : popcorn 
17:43:37.712 [pool-1-thread-4] INFO  com.intuit.karate - Environment variable is : popcorn 
17:43:37.817 [pool-1-thread-1] INFO  com.intuit.karate - [print] {
  &quot;visible&quot;: true,
  &quot;action&quot;: &quot;default&quot;,
  &quot;messages&quot;: [
    &quot;Outside of service area!&quot;
  ],
  &quot;validations&quot;: {
    &quot;longitude&quot;: [
      &quot;Outside of service area!&quot;
    ]
  },
  &quot;type&quot;: &quot;validation&quot;,
  &quot;title&quot;: null,
  &quot;message&quot;: &quot;Outside of service area!&quot;,
  &quot;typeCode&quot;: 400
}
 
17:43:38.040 [pool-1-thread-1] INFO  com.intuit.karate - Environment variable is : popcorn 
17:43:38.147 [pool-1-thread-5] INFO  com.intuit.karate - [print] {
  &quot;visible&quot;: true,
  &quot;action&quot;: &quot;default&quot;,
  &quot;messages&quot;: [
    &quot;Outside of service area!&quot;
  ],
  &quot;validations&quot;: {
    &quot;longitude&quot;: [
      &quot;Outside of service area!&quot;
    ]
  },
  &quot;type&quot;: &quot;validation&quot;,
  &quot;title&quot;: null,
  &quot;message&quot;: &quot;Outside of service area!&quot;,
  &quot;typeCode&quot;: 400
}
 
17:43:38.168 [pool-1-thread-5] INFO  com.intuit.karate - Environment variable is : popcorn 
17:43:38.754 [pool-1-thread-4] INFO  com.intuit.karate - [print] {
  &quot;visible&quot;: true,
  &quot;action&quot;: &quot;default&quot;,
  &quot;messages&quot;: [
    &quot;Could not convert string to double: a. Path &apos;longitude&apos;, line 1, position 178.&quot;
  ],
  &quot;validations&quot;: {
    &quot;longitude&quot;: [
      &quot;Could not convert string to double: a. Path &apos;longitude&apos;, line 1, position 178.&quot;
    ]
  },
  &quot;type&quot;: &quot;validation&quot;,
  &quot;title&quot;: null,
  &quot;message&quot;: &quot;Could not convert string to double: a. Path &apos;longitude&apos;, line 1, position 178.&quot;,
  &quot;typeCode&quot;: 400
}
 
17:43:38.789 [pool-1-thread-4] INFO  com.intuit.karate - Environment variable is : popcorn 
17:43:38.976 [pool-1-thread-5] INFO  com.intuit.karate - [print] {
  &quot;visible&quot;: true,
  &quot;action&quot;: &quot;default&quot;,
  &quot;messages&quot;: [
    &quot;Error converting value {null} to type &apos;System.Double&apos;. Path &apos;longitude&apos;, line 1, position 177.&quot;
  ],
  &quot;validations&quot;: {
    &quot;longitude&quot;: [
      &quot;Error converting value {null} to type &apos;System.Double&apos;. Path &apos;longitude&apos;, line 1, position 177.&quot;
    ]
  },
  &quot;type&quot;: &quot;validation&quot;,
  &quot;title&quot;: null,
  &quot;message&quot;: &quot;Error converting value {null} to type &apos;System.Double&apos;. Path &apos;longitude&apos;, line 1, position 177.&quot;,
  &quot;typeCode&quot;: 400
}
 
17:43:38.983 [pool-1-thread-1] INFO  com.intuit.karate - [print] {
  &quot;visible&quot;: true,
  &quot;action&quot;: &quot;default&quot;,
  &quot;messages&quot;: [
    &quot;Error converting value \&quot;\&quot; to type &apos;System.Guid&apos;. Path &apos;id&apos;, line 1, position 8.&quot;
  ],
  &quot;validations&quot;: {
    &quot;id&quot;: [
      &quot;Error converting value \&quot;\&quot; to type &apos;System.Guid&apos;. Path &apos;id&apos;, line 1, position 8.&quot;
    ]
  },
  &quot;type&quot;: &quot;validation&quot;,
  &quot;title&quot;: null,
  &quot;message&quot;: &quot;Error converting value \&quot;\&quot; to type &apos;System.Guid&apos;. Path &apos;id&apos;, line 1, position 8.&quot;,
  &quot;typeCode&quot;: 400
}
 
17:43:39.020 [pool-1-thread-1] INFO  com.intuit.karate - Environment variable is : popcorn 
17:43:39.020 [pool-1-thread-5] INFO  com.intuit.karate - Environment variable is : popcorn 
17:43:39.081 [pool-1-thread-5] INFO  c.intuit.karate.core.FeatureRuntime - scenario called at line: 11 by tag: @getAddressId
17:43:39.081 [pool-1-thread-1] INFO  c.intuit.karate.core.FeatureRuntime - scenario called at line: 11 by tag: @getAddressId
17:43:39.197 [pool-1-thread-2] INFO  com.intuit.karate - [print] {
  &quot;visible&quot;: true,
  &quot;action&quot;: &quot;default&quot;,
  &quot;messages&quot;: [
    &quot;Could not convert string to double: a. Path &apos;latitude&apos;, line 1, position 202.&quot;
  ],
  &quot;validations&quot;: {
    &quot;latitude&quot;: [
      &quot;Could not convert string to double: a. Path &apos;latitude&apos;, line 1, position 202.&quot;
    ]
  },
  &quot;type&quot;: &quot;validation&quot;,
  &quot;title&quot;: null,
  &quot;message&quot;: &quot;Could not convert string to double: a. Path &apos;latitude&apos;, line 1, position 202.&quot;,
  &quot;typeCode&quot;: 400
}
 
17:43:39.197 [pool-1-thread-3] INFO  com.intuit.karate - [print] {
  &quot;visible&quot;: true,
  &quot;action&quot;: &quot;default&quot;,
  &quot;messages&quot;: [
    &quot;be.user.length&quot;
  ],
  &quot;validations&quot;: {
    &quot;streetAddress&quot;: [
      &quot;be.user.length&quot;
    ]
  },
  &quot;type&quot;: &quot;validation&quot;,
  &quot;title&quot;: null,
  &quot;message&quot;: &quot;be.user.length&quot;,
  &quot;typeCode&quot;: 400
}
 
17:43:39.246 [pool-1-thread-2] INFO  com.intuit.karate - Environment variable is : popcorn 
17:43:39.246 [pool-1-thread-3] INFO  com.intuit.karate - Environment variable is : popcorn 
17:43:39.290 [pool-1-thread-3] INFO  c.intuit.karate.core.FeatureRuntime - scenario called at line: 11 by tag: @getAddressInfo
17:43:39.290 [pool-1-thread-2] INFO  c.intuit.karate.core.FeatureRuntime - scenario called at line: 11 by tag: @getAddressId
17:43:39.312 [pool-1-thread-3] INFO  c.intuit.karate.core.FeatureRuntime - scenario called at line: 11 by tag: @getAddressId
---------------------------------------------------------
feature: classpath:features/basketApi/customer_address_create.feature
scenarios: 10 | passed:  9 | failed:  1 | time: 14.2158
---------------------------------------------------------

17:43:39.317 [pool-2-thread-1] INFO  com.intuit.karate.Suite - &lt;&lt;fail&gt;&gt; feature 1 of 31 (30 remaining) classpath:features/basketApi/customer_address_create.feature
17:43:39.645 [pool-1-thread-4] INFO  com.intuit.karate - [print] {
  &quot;visible&quot;: true,
  &quot;action&quot;: &quot;default&quot;,
  &quot;messages&quot;: [
    &quot;Please fill the required fields.&quot;,
    &quot;be.user.length&quot;
  ],
  &quot;validations&quot;: {
    &quot;streetAddress&quot;: [
      &quot;Please fill the required fields.&quot;,
      &quot;be.user.length&quot;
    ]
  },
  &quot;type&quot;: &quot;validation&quot;,
  &quot;title&quot;: null,
  &quot;message&quot;: &quot;Please fill the required fields.&quot;,
  &quot;typeCode&quot;: 400
}
 
17:43:39.661 [pool-1-thread-4] INFO  com.intuit.karate - Environment variable is : popcorn 
17:43:39.678 [pool-1-thread-4] INFO  c.intuit.karate.core.FeatureRuntime - scenario called at line: 11 by tag: @getAddressInfo
17:43:39.684 [pool-1-thread-4] INFO  c.intuit.karate.core.FeatureRuntime - scenario called at line: 11 by tag: @getAddressId
---------------------------------------------------------
feature: classpath:features/userApi/address/customer_address_create.feature
scenarios: 10 | passed: 10 | failed:  0 | time: 10.5304
---------------------------------------------------------

17:43:40.012 [pool-2-thread-1] INFO  com.intuit.karate.Suite - &lt;&lt;pass&gt;&gt; feature 2 of 31 (29 remaining) classpath:features/userApi/address/customer_address_create.feature
17:43:40.192 [pool-1-thread-1] INFO  com.intuit.karate - [print] {
  &quot;titleType&quot;: 10,
  &quot;streetAddress&quot;: &quot;280 Mornigside Dr, San Francisco&quot;,
  &quot;latitude&quot;: 37.7296159,
  &quot;additionalInfo&quot;: &quot;string&quot;,
  &quot;isSelectedShippingAddress&quot;: false,
  &quot;id&quot;: &quot;bc7ec2e5-a2e7-453b-8c16-33e7f87645f6&quot;,
  &quot;title&quot;: &quot;string&quot;,
  &quot;type&quot;: 1,
  &quot;longitude&quot;: -122.4936448
}
 
17:43:40.253 [pool-1-thread-5] INFO  com.intuit.karate - [print] {
  &quot;titleType&quot;: 10,
  &quot;streetAddress&quot;: &quot;280 Mornigside Dr, San Francisco&quot;,
  &quot;latitude&quot;: 37.7296159,
  &quot;additionalInfo&quot;: &quot;string&quot;,
  &quot;isSelectedShippingAddress&quot;: false,
  &quot;id&quot;: &quot;bc7ec2e5-a2e7-453b-8c16-33e7f87645f6&quot;,
  &quot;title&quot;: &quot;string&quot;,
  &quot;type&quot;: 1,
  &quot;longitude&quot;: -122.4936448
}
 
17:43:40.486 [pool-1-thread-3] INFO  com.intuit.karate - [print] {
  &quot;titleType&quot;: 10,
  &quot;streetAddress&quot;: &quot;280 Mornigside Dr, San Francisco&quot;,
  &quot;latitude&quot;: 37.7296159,
  &quot;additionalInfo&quot;: &quot;string&quot;,
  &quot;isSelectedShippingAddress&quot;: false,
  &quot;id&quot;: &quot;bc7ec2e5-a2e7-453b-8c16-33e7f87645f6&quot;,
  &quot;title&quot;: &quot;string&quot;,
  &quot;type&quot;: 1,
  &quot;longitude&quot;: -122.4936448
}
 
17:43:40.519 [pool-1-thread-4] INFO  com.intuit.karate - [print] {
  &quot;titleType&quot;: 10,
  &quot;streetAddress&quot;: &quot;280 Mornigside Dr, San Francisco&quot;,
  &quot;latitude&quot;: 37.7296159,
  &quot;additionalInfo&quot;: &quot;string&quot;,
  &quot;isSelectedShippingAddress&quot;: false,
  &quot;id&quot;: &quot;bc7ec2e5-a2e7-453b-8c16-33e7f87645f6&quot;,
  &quot;title&quot;: &quot;string&quot;,
  &quot;type&quot;: 1,
  &quot;longitude&quot;: -122.4936448
}
 
17:43:41.073 [pool-1-thread-5] INFO  com.intuit.karate - [print] Customer Address List Response --&gt;  {
  &quot;page&quot;: {
    &quot;pageNumber&quot;: 0,
    &quot;pageSize&quot;: 0,
    &quot;hasNext&quot;: false,
    &quot;totalCount&quot;: 2
  },
  &quot;items&quot;: [
    {
      &quot;titleType&quot;: 10,
      &quot;streetAddress&quot;: &quot;688 Geary St, San Francisco&quot;,
      &quot;latitude&quot;: 37.78660022692915,
      &quot;additionalInfo&quot;: null,
      &quot;isSelectedShippingAddress&quot;: false,
      &quot;id&quot;: &quot;7c78f10a-71a6-4258-8a36-e09807053172&quot;,
      &quot;title&quot;: &quot;Home&quot;,
      &quot;type&quot;: 1,
      &quot;longitude&quot;: -122.41467263549566
    },
    {
      &quot;titleType&quot;: 10,
      &quot;streetAddress&quot;: &quot;335 Leavenworth St, San Francisco, CA 94102, United States&quot;,
      &quot;latitude&quot;: 37.7839295,
      &quot;additionalInfo&quot;: &quot;string&quot;,
      &quot;isSelectedShippingAddress&quot;: false,
      &quot;id&quot;: &quot;bc7ec2e5-a2e7-453b-8c16-33e7f87645f6&quot;,
      &quot;title&quot;: &quot;string&quot;,
      &quot;type&quot;: 1,
      &quot;longitude&quot;: -122.4174298
    }
  ]
}
 
17:43:41.091 [pool-1-thread-5] INFO  com.intuit.karate - Environment variable is : popcorn 
17:43:41.105 [pool-1-thread-5] INFO  c.intuit.karate.core.FeatureRuntime - scenario called at line: 11 by tag: @getAddressId
17:43:41.131 [pool-1-thread-1] INFO  com.intuit.karate - Environment variable is : popcorn 
17:43:41.211 [pool-1-thread-2] INFO  com.intuit.karate - [print] {
  &quot;titleType&quot;: 10,
  &quot;streetAddress&quot;: &quot;280 Mornigside Dr, San Francisco&quot;,
  &quot;latitude&quot;: 37.7296159,
  &quot;additionalInfo&quot;: &quot;string&quot;,
  &quot;isSelectedShippingAddress&quot;: false,
  &quot;id&quot;: &quot;bc7ec2e5-a2e7-453b-8c16-33e7f87645f6&quot;,
  &quot;title&quot;: &quot;string&quot;,
  &quot;type&quot;: 1,
  &quot;longitude&quot;: -122.4936448
}
 
17:43:41.346 [pool-1-thread-3] INFO  com.intuit.karate - [print] Customer Address List Response --&gt;  {
  &quot;page&quot;: {
    &quot;pageNumber&quot;: 0,
    &quot;pageSize&quot;: 0,
    &quot;hasNext&quot;: false,
    &quot;totalCount&quot;: 2
  },
  &quot;items&quot;: [
    {
      &quot;titleType&quot;: 10,
      &quot;streetAddress&quot;: &quot;688 Geary St, San Francisco&quot;,
      &quot;latitude&quot;: 37.78660022692915,
      &quot;additionalInfo&quot;: null,
      &quot;isSelectedShippingAddress&quot;: false,
      &quot;id&quot;: &quot;7c78f10a-71a6-4258-8a36-e09807053172&quot;,
      &quot;title&quot;: &quot;Home&quot;,
      &quot;type&quot;: 1,
      &quot;longitude&quot;: -122.41467263549566
    },
    {
      &quot;titleType&quot;: 10,
      &quot;streetAddress&quot;: &quot;335 Leavenworth St, San Francisco, CA 94102, United States&quot;,
      &quot;latitude&quot;: 37.7839295,
      &quot;additionalInfo&quot;: &quot;string&quot;,
      &quot;isSelectedShippingAddress&quot;: false,
      &quot;id&quot;: &quot;bc7ec2e5-a2e7-453b-8c16-33e7f87645f6&quot;,
      &quot;title&quot;: &quot;string&quot;,
      &quot;type&quot;: 1,
      &quot;longitude&quot;: -122.4174298
    }
  ]
}
 
17:43:41.350 [pool-1-thread-4] INFO  com.intuit.karate - [print] Customer Address List Response --&gt;  {
  &quot;page&quot;: {
    &quot;pageNumber&quot;: 0,
    &quot;pageSize&quot;: 0,
    &quot;hasNext&quot;: false,
    &quot;totalCount&quot;: 2
  },
  &quot;items&quot;: [
    {
      &quot;titleType&quot;: 10,
      &quot;streetAddress&quot;: &quot;688 Geary St, San Francisco&quot;,
      &quot;latitude&quot;: 37.78660022692915,
      &quot;additionalInfo&quot;: null,
      &quot;isSelectedShippingAddress&quot;: false,
      &quot;id&quot;: &quot;7c78f10a-71a6-4258-8a36-e09807053172&quot;,
      &quot;title&quot;: &quot;Home&quot;,
      &quot;type&quot;: 1,
      &quot;longitude&quot;: -122.41467263549566
    },
    {
      &quot;titleType&quot;: 10,
      &quot;streetAddress&quot;: &quot;335 Leavenworth St, San Francisco, CA 94102, United States&quot;,
      &quot;latitude&quot;: 37.7839295,
      &quot;additionalInfo&quot;: &quot;string&quot;,
      &quot;isSelectedShippingAddress&quot;: false,
      &quot;id&quot;: &quot;bc7ec2e5-a2e7-453b-8c16-33e7f87645f6&quot;,
      &quot;title&quot;: &quot;string&quot;,
      &quot;type&quot;: 1,
      &quot;longitude&quot;: -122.4174298
    }
  ]
}
 
17:43:41.814 [pool-1-thread-2] INFO  com.intuit.karate - [print] response --&gt;  {
  &quot;page&quot;: {
    &quot;pageNumber&quot;: 0,
    &quot;pageSize&quot;: 0,
    &quot;hasNext&quot;: false,
    &quot;totalCount&quot;: 2
  },
  &quot;items&quot;: [
    {
      &quot;titleType&quot;: 10,
      &quot;streetAddress&quot;: &quot;688 Geary St, San Francisco&quot;,
      &quot;latitude&quot;: 37.78660022692915,
      &quot;additionalInfo&quot;: null,
      &quot;isSelectedShippingAddress&quot;: false,
      &quot;id&quot;: &quot;7c78f10a-71a6-4258-8a36-e09807053172&quot;,
      &quot;title&quot;: &quot;Home&quot;,
      &quot;type&quot;: 1,
      &quot;longitude&quot;: -122.41467263549566
    },
    {
      &quot;titleType&quot;: 10,
      &quot;streetAddress&quot;: &quot;335 Leavenworth St, San Francisco, CA 94102, United States&quot;,
      &quot;latitude&quot;: 37.7839295,
      &quot;additionalInfo&quot;: &quot;string&quot;,
      &quot;isSelectedShippingAddress&quot;: false,
      &quot;id&quot;: &quot;bc7ec2e5-a2e7-453b-8c16-33e7f87645f6&quot;,
      &quot;title&quot;: &quot;string&quot;,
      &quot;type&quot;: 1,
      &quot;longitude&quot;: -122.4174298
    }
  ]
}
 
17:43:41.834 [pool-1-thread-2] INFO  com.intuit.karate - Environment variable is : popcorn 
17:43:41.844 [pool-1-thread-2] INFO  c.intuit.karate.core.FeatureRuntime - scenario called at line: 11 by tag: @getAddressId
17:43:42.032 [pool-1-thread-4] INFO  com.intuit.karate - [print] response --&gt;  {
  &quot;visible&quot;: true,
  &quot;action&quot;: &quot;default&quot;,
  &quot;messages&quot;: [
    &quot;User Authorization Error&quot;
  ],
  &quot;type&quot;: &quot;authorization&quot;,
  &quot;title&quot;: null,
  &quot;message&quot;: &quot;User Authorization Error&quot;,
  &quot;typeCode&quot;: 401
}
 
17:43:42.040 [pool-1-thread-4] INFO  com.intuit.karate - Environment variable is : popcorn 
17:43:42.046 [pool-1-thread-4] INFO  c.intuit.karate.core.FeatureRuntime - scenario called at line: 11 by tag: @markSelectedAddress
17:43:42.050 [pool-1-thread-4] INFO  c.intuit.karate.core.FeatureRuntime - scenario called at line: 11 by tag: @getAddressInfo
17:43:42.058 [pool-1-thread-4] INFO  c.intuit.karate.core.FeatureRuntime - scenario called at line: 11 by tag: @getAddressId
---------------------------------------------------------
feature: classpath:features/userApi/address/customer_address_list.feature
scenarios:  3 | passed:  3 | failed:  0 | time: 6.6949
---------------------------------------------------------

17:43:42.124 [pool-2-thread-1] INFO  com.intuit.karate.Suite - &lt;&lt;pass&gt;&gt; feature 3 of 31 (28 remaining) classpath:features/userApi/address/customer_address_list.feature
17:43:42.142 [pool-1-thread-1] INFO  com.intuit.karate - [print] cacheStatus --&gt; DYNAMIC 
17:43:42.145 [pool-1-thread-1] INFO  com.intuit.karate - Environment variable is : popcorn 
17:43:42.148 [pool-1-thread-1] INFO  c.intuit.karate.core.FeatureRuntime - scenario called at line: 11 by tag: @markSelectedAddress
17:43:42.153 [pool-1-thread-1] INFO  c.intuit.karate.core.FeatureRuntime - scenario called at line: 11 by tag: @getAddressInfo
17:43:42.156 [pool-1-thread-1] INFO  c.intuit.karate.core.FeatureRuntime - scenario called at line: 11 by tag: @getAddressId
17:43:42.206 [pool-1-thread-3] INFO  com.intuit.karate - Environment variable is : popcorn 
---------------------------------------------------------
feature: classpath:features/userApi/address/customer_address_mark_selected.feature
scenarios:  2 | passed:  2 | failed:  0 | time: 5.3045
---------------------------------------------------------

17:43:42.549 [pool-2-thread-1] INFO  com.intuit.karate.Suite - &lt;&lt;pass&gt;&gt; feature 4 of 31 (27 remaining) classpath:features/userApi/address/customer_address_mark_selected.feature
17:43:42.602 [pool-1-thread-2] INFO  com.intuit.karate - [print] {
  &quot;titleType&quot;: 10,
  &quot;streetAddress&quot;: &quot;280 Mornigside Dr, San Francisco&quot;,
  &quot;latitude&quot;: 37.7296159,
  &quot;additionalInfo&quot;: &quot;string&quot;,
  &quot;isSelectedShippingAddress&quot;: false,
  &quot;id&quot;: &quot;bc7ec2e5-a2e7-453b-8c16-33e7f87645f6&quot;,
  &quot;title&quot;: &quot;string&quot;,
  &quot;type&quot;: 1,
  &quot;longitude&quot;: -122.4936448
}
 
17:43:42.615 [pool-1-thread-5] INFO  com.intuit.karate - [print] {
  &quot;titleType&quot;: 10,
  &quot;streetAddress&quot;: &quot;280 Mornigside Dr, San Francisco&quot;,
  &quot;latitude&quot;: 37.7296159,
  &quot;additionalInfo&quot;: &quot;string&quot;,
  &quot;isSelectedShippingAddress&quot;: false,
  &quot;id&quot;: &quot;bc7ec2e5-a2e7-453b-8c16-33e7f87645f6&quot;,
  &quot;title&quot;: &quot;string&quot;,
  &quot;type&quot;: 1,
  &quot;longitude&quot;: -122.4936448
}
 
17:43:42.873 [pool-1-thread-3] INFO  com.intuit.karate - [print] response --&gt;  [
  {
    &quot;isDefault&quot;: true,
    &quot;color&quot;: null,
    &quot;name&quot;: &quot;be.user.enums.addresstype.unknown&quot;,
    &quot;displayOrder&quot;: 0,
    &quot;id&quot;: 0,
    &quot;enumName&quot;: &quot;Unknown&quot;,
    &quot;shortName&quot;: null
  },
  {
    &quot;isDefault&quot;: false,
    &quot;color&quot;: null,
    &quot;name&quot;: &quot;be.user.enums.addresstype.delivery&quot;,
    &quot;displayOrder&quot;: 0,
    &quot;id&quot;: 1,
    &quot;enumName&quot;: &quot;Delivery&quot;,
    &quot;shortName&quot;: null
  },
  {
    &quot;isDefault&quot;: false,
    &quot;color&quot;: null,
    &quot;name&quot;: &quot;be.user.enums.addresstype.residence&quot;,
    &quot;displayOrder&quot;: 0,
    &quot;id&quot;: 2,
    &quot;enumName&quot;: &quot;Residence&quot;,
    &quot;shortName&quot;: null
  }
]
 
17:43:42.916 [pool-1-thread-3] INFO  com.intuit.karate - Environment variable is : popcorn 
17:43:43.002 [pool-1-thread-4] INFO  com.intuit.karate - [print] {
  &quot;titleType&quot;: 10,
  &quot;streetAddress&quot;: &quot;280 Mornigside Dr, San Francisco&quot;,
  &quot;latitude&quot;: 37.7296159,
  &quot;additionalInfo&quot;: &quot;string&quot;,
  &quot;isSelectedShippingAddress&quot;: false,
  &quot;id&quot;: &quot;bc7ec2e5-a2e7-453b-8c16-33e7f87645f6&quot;,
  &quot;title&quot;: &quot;string&quot;,
  &quot;type&quot;: 1,
  &quot;longitude&quot;: -122.4936448
}
 
17:43:43.097 [pool-1-thread-1] INFO  com.intuit.karate - [print] {
  &quot;titleType&quot;: 10,
  &quot;streetAddress&quot;: &quot;280 Mornigside Dr, San Francisco&quot;,
  &quot;latitude&quot;: 37.7296159,
  &quot;additionalInfo&quot;: &quot;string&quot;,
  &quot;isSelectedShippingAddress&quot;: false,
  &quot;id&quot;: &quot;bc7ec2e5-a2e7-453b-8c16-33e7f87645f6&quot;,
  &quot;title&quot;: &quot;string&quot;,
  &quot;type&quot;: 1,
  &quot;longitude&quot;: -122.4936448
}
 
17:43:43.523 [pool-1-thread-3] INFO  com.intuit.karate - [print] response --&gt;  [
  {
    &quot;isDefault&quot;: true,
    &quot;color&quot;: null,
    &quot;name&quot;: null,
    &quot;displayOrder&quot;: 0,
    &quot;id&quot;: 0,
    &quot;enumName&quot;: &quot;Unknown&quot;,
    &quot;shortName&quot;: null
  },
  {
    &quot;isDefault&quot;: false,
    &quot;color&quot;: null,
    &quot;name&quot;: null,
    &quot;displayOrder&quot;: 0,
    &quot;id&quot;: 10,
    &quot;enumName&quot;: &quot;Image&quot;,
    &quot;shortName&quot;: null
  },
  {
    &quot;isDefault&quot;: false,
    &quot;color&quot;: null,
    &quot;name&quot;: null,
    &quot;displayOrder&quot;: 0,
    &quot;id&quot;: 20,
    &quot;enumName&quot;: &quot;Video&quot;,
    &quot;shortName&quot;: null
  },
  {
    &quot;isDefault&quot;: false,
    &quot;color&quot;: null,
    &quot;name&quot;: null,
    &quot;displayOrder&quot;: 0,
    &quot;id&quot;: 30,
    &quot;enumName&quot;: &quot;Audio&quot;,
    &quot;shortName&quot;: null
  }
]
 
17:43:43.545 [pool-1-thread-3] INFO  com.intuit.karate - Environment variable is : popcorn 
17:43:43.689 [pool-1-thread-2] INFO  com.intuit.karate - Environment variable is : popcorn 
17:43:43.730 [pool-1-thread-4] INFO  com.intuit.karate - [print] Customer Address List Response --&gt;  {
  &quot;page&quot;: {
    &quot;pageNumber&quot;: 0,
    &quot;pageSize&quot;: 0,
    &quot;hasNext&quot;: false,
    &quot;totalCount&quot;: 2
  },
  &quot;items&quot;: [
    {
      &quot;titleType&quot;: 10,
      &quot;streetAddress&quot;: &quot;688 Geary St, San Francisco&quot;,
      &quot;latitude&quot;: 37.78660022692915,
      &quot;additionalInfo&quot;: null,
      &quot;isSelectedShippingAddress&quot;: false,
      &quot;id&quot;: &quot;7c78f10a-71a6-4258-8a36-e09807053172&quot;,
      &quot;title&quot;: &quot;Home&quot;,
      &quot;type&quot;: 1,
      &quot;longitude&quot;: -122.41467263549566
    },
    {
      &quot;titleType&quot;: 10,
      &quot;streetAddress&quot;: &quot;335 Leavenworth St, San Francisco, CA 94102, United States&quot;,
      &quot;latitude&quot;: 37.7839295,
      &quot;additionalInfo&quot;: &quot;string&quot;,
      &quot;isSelectedShippingAddress&quot;: false,
      &quot;id&quot;: &quot;bc7ec2e5-a2e7-453b-8c16-33e7f87645f6&quot;,
      &quot;title&quot;: &quot;string&quot;,
      &quot;type&quot;: 1,
      &quot;longitude&quot;: -122.4174298
    }
  ]
}
 
17:43:43.744 [pool-1-thread-1] INFO  com.intuit.karate - [print] Customer Address List Response --&gt;  {
  &quot;page&quot;: {
    &quot;pageNumber&quot;: 0,
    &quot;pageSize&quot;: 0,
    &quot;hasNext&quot;: false,
    &quot;totalCount&quot;: 2
  },
  &quot;items&quot;: [
    {
      &quot;titleType&quot;: 10,
      &quot;streetAddress&quot;: &quot;688 Geary St, San Francisco&quot;,
      &quot;latitude&quot;: 37.78660022692915,
      &quot;additionalInfo&quot;: null,
      &quot;isSelectedShippingAddress&quot;: false,
      &quot;id&quot;: &quot;7c78f10a-71a6-4258-8a36-e09807053172&quot;,
      &quot;title&quot;: &quot;Home&quot;,
      &quot;type&quot;: 1,
      &quot;longitude&quot;: -122.41467263549566
    },
    {
      &quot;titleType&quot;: 10,
      &quot;streetAddress&quot;: &quot;335 Leavenworth St, San Francisco, CA 94102, United States&quot;,
      &quot;latitude&quot;: 37.7839295,
      &quot;additionalInfo&quot;: &quot;string&quot;,
      &quot;isSelectedShippingAddress&quot;: false,
      &quot;id&quot;: &quot;bc7ec2e5-a2e7-453b-8c16-33e7f87645f6&quot;,
      &quot;title&quot;: &quot;string&quot;,
      &quot;type&quot;: 1,
      &quot;longitude&quot;: -122.4174298
    }
  ]
}
 
17:43:43.815 [pool-1-thread-5] INFO  com.intuit.karate - [print] Customer Get Address For Order Response --&gt; {
  &quot;lastName&quot;: null,
  &quot;identifier&quot;: null,
  &quot;titleType&quot;: 10,
  &quot;country&quot;: {
    &quot;name&quot;: &quot;USA&quot;,
    &quot;id&quot;: &quot;81a2f978-226e-46e5-87b1-950e67b7f550&quot;
  },
  &quot;stateId&quot;: &quot;2e129561-3cf3-4b14-a601-54a8bf06950e&quot;,
  &quot;postalCode&quot;: null,
  &quot;latitude&quot;: 37.7839295,
  &quot;county&quot;: {
    &quot;name&quot;: &quot;San Francisco&quot;,
    &quot;id&quot;: &quot;526b7254-9192-4fbb-a225-9ba4297a0599&quot;
  },
  &quot;taxNumber&quot;: null,
  &quot;title&quot;: &quot;string&quot;,
  &quot;type&quot;: 1,
  &quot;countryId&quot;: &quot;81a2f978-226e-46e5-87b1-950e67b7f550&quot;,
  &quot;corporateName&quot;: null,
  &quot;firstName&quot;: null,
  &quot;streetAddress&quot;: &quot;335 Leavenworth St, San Francisco, CA 94102, United States&quot;,
  &quot;phone&quot;: null,
  &quot;countyId&quot;: &quot;526b7254-9192-4fbb-a225-9ba4297a0599&quot;,
  &quot;additionalInfo&quot;: &quot;string&quot;,
  &quot;taxOffice&quot;: null,
  &quot;state&quot;: {
    &quot;name&quot;: &quot;California&quot;,
    &quot;id&quot;: &quot;2e129561-3cf3-4b14-a601-54a8bf06950e&quot;
  },
  &quot;email&quot;: null,
  &quot;longitude&quot;: -122.4174298
}
 
17:43:43.828 [pool-1-thread-5] INFO  com.intuit.karate - Environment variable is : popcorn 
---------------------------------------------------------
feature: classpath:features/userApi/address/customer_get_address_for_order.feature
scenarios:  3 | passed:  3 | failed:  0 | time: 5.5793
---------------------------------------------------------

17:43:44.008 [pool-2-thread-1] INFO  com.intuit.karate.Suite - &lt;&lt;pass&gt;&gt; feature 5 of 31 (26 remaining) classpath:features/userApi/address/customer_get_address_for_order.feature
17:43:44.189 [pool-1-thread-3] INFO  com.intuit.karate - [print] response --&gt;  [
  {
    &quot;isDefault&quot;: true,
    &quot;color&quot;: null,
    &quot;name&quot;: &quot;be.user.enums.riderstatus.active&quot;,
    &quot;displayOrder&quot;: 0,
    &quot;id&quot;: 1,
    &quot;enumName&quot;: &quot;Active&quot;,
    &quot;shortName&quot;: null
  },
  {
    &quot;isDefault&quot;: false,
    &quot;color&quot;: null,
    &quot;name&quot;: &quot;be.user.enums.riderstatus.inactive&quot;,
    &quot;displayOrder&quot;: 0,
    &quot;id&quot;: 2,
    &quot;enumName&quot;: &quot;Inactive&quot;,
    &quot;shortName&quot;: null
  }
]
 
17:43:44.216 [pool-1-thread-3] INFO  com.intuit.karate - Environment variable is : popcorn 
17:43:44.359 [pool-1-thread-2] INFO  com.intuit.karate - [print] response --&gt;  [
  {
    &quot;isDefault&quot;: false,
    &quot;color&quot;: null,
    &quot;name&quot;: &quot;Passive&quot;,
    &quot;displayOrder&quot;: 0,
    &quot;id&quot;: 0,
    &quot;enumName&quot;: &quot;UnPublished&quot;,
    &quot;shortName&quot;: null
  },
  {
    &quot;isDefault&quot;: false,
    &quot;color&quot;: null,
    &quot;name&quot;: &quot;Active&quot;,
    &quot;displayOrder&quot;: 0,
    &quot;id&quot;: 1,
    &quot;enumName&quot;: &quot;Published&quot;,
    &quot;shortName&quot;: null
  },
  {
    &quot;isDefault&quot;: true,
    &quot;color&quot;: null,
    &quot;name&quot;: &quot;Archived&quot;,
    &quot;displayOrder&quot;: 0,
    &quot;id&quot;: 2,
    &quot;enumName&quot;: &quot;Junk&quot;,
    &quot;shortName&quot;: null
  }
]
 
17:43:44.368 [pool-1-thread-2] INFO  com.intuit.karate - Environment variable is : popcorn 
17:43:45.034 [pool-1-thread-5] INFO  com.intuit.karate - [print] response --&gt;  [
  {
    &quot;isDefault&quot;: true,
    &quot;color&quot;: null,
    &quot;name&quot;: &quot;Home&quot;,
    &quot;displayOrder&quot;: 0,
    &quot;id&quot;: 10,
    &quot;enumName&quot;: &quot;Home&quot;,
    &quot;shortName&quot;: null
  },
  {
    &quot;isDefault&quot;: false,
    &quot;color&quot;: null,
    &quot;name&quot;: &quot;Work&quot;,
    &quot;displayOrder&quot;: 0,
    &quot;id&quot;: 20,
    &quot;enumName&quot;: &quot;Work&quot;,
    &quot;shortName&quot;: null
  },
  {
    &quot;isDefault&quot;: false,
    &quot;color&quot;: null,
    &quot;name&quot;: &quot;Other&quot;,
    &quot;displayOrder&quot;: 0,
    &quot;id&quot;: 30,
    &quot;enumName&quot;: &quot;Other&quot;,
    &quot;shortName&quot;: null
  }
]
 
17:43:45.044 [pool-1-thread-3] INFO  com.intuit.karate - [print] response --&gt;  [
  {
    &quot;isDefault&quot;: true,
    &quot;color&quot;: null,
    &quot;name&quot;: &quot;be.user.enums.userstatus.active&quot;,
    &quot;displayOrder&quot;: 0,
    &quot;id&quot;: 1,
    &quot;enumName&quot;: &quot;Active&quot;,
    &quot;shortName&quot;: null
  },
  {
    &quot;isDefault&quot;: false,
    &quot;color&quot;: null,
    &quot;name&quot;: &quot;be.user.enums.userstatus.passive&quot;,
    &quot;displayOrder&quot;: 1,
    &quot;id&quot;: 0,
    &quot;enumName&quot;: &quot;Passive&quot;,
    &quot;shortName&quot;: null
  },
  {
    &quot;isDefault&quot;: false,
    &quot;color&quot;: null,
    &quot;name&quot;: &quot;be.user.enums.userstatus.blocked&quot;,
    &quot;displayOrder&quot;: 2,
    &quot;id&quot;: 2,
    &quot;enumName&quot;: &quot;Blocked&quot;,
    &quot;shortName&quot;: null
  },
  {
    &quot;isDefault&quot;: false,
    &quot;color&quot;: null,
    &quot;name&quot;: &quot;be.user.enums.userstatus.notverified&quot;,
    &quot;displayOrder&quot;: 3,
    &quot;id&quot;: 3,
    &quot;enumName&quot;: &quot;NotVerified&quot;,
    &quot;shortName&quot;: null
  }
]
 
17:43:45.058 [pool-1-thread-5] INFO  com.intuit.karate - Environment variable is : popcorn 
17:43:45.073 [pool-1-thread-3] INFO  com.intuit.karate - Environment variable is : popcorn 
17:43:45.163 [pool-1-thread-1] INFO  com.intuit.karate - [print] customer get selected address response  --&gt;  {
  &quot;visible&quot;: true,
  &quot;action&quot;: &quot;default&quot;,
  &quot;messages&quot;: [
    &quot;User Authorization Error&quot;
  ],
  &quot;type&quot;: &quot;authorization&quot;,
  &quot;title&quot;: null,
  &quot;message&quot;: &quot;User Authorization Error&quot;,
  &quot;typeCode&quot;: 401
}
 
17:43:45.170 [pool-1-thread-1] INFO  com.intuit.karate - Environment variable is : popcorn 
17:43:45.198 [pool-1-thread-4] INFO  com.intuit.karate - [print] customer get selected address response  --&gt;  {
  &quot;titleType&quot;: 10,
  &quot;eta&quot;: 0,
  &quot;streetAddress&quot;: &quot;688 Geary St, San Francisco&quot;,
  &quot;latitude&quot;: 37.78660022692915,
  &quot;additionalInfo&quot;: null,
  &quot;id&quot;: &quot;7c78f10a-71a6-4258-8a36-e09807053172&quot;,
  &quot;title&quot;: &quot;Home&quot;,
  &quot;type&quot;: 1,
  &quot;longitude&quot;: -122.41467263549566
}
 
17:43:45.207 [pool-1-thread-4] INFO  c.intuit.karate.core.FeatureRuntime - scenario called at line: 11 by tag: @getAddressInfo
17:43:45.216 [pool-1-thread-4] INFO  c.intuit.karate.core.FeatureRuntime - scenario called at line: 11 by tag: @getAddressId
17:43:45.502 [pool-1-thread-2] INFO  com.intuit.karate - [print] customer create response --&gt; {
  &quot;lastName&quot;: &quot;&quot;,
  &quot;deliveryAddresses&quot;: [
  ],
  &quot;imagePath&quot;: null,
  &quot;roles&quot;: [
  ],
  &quot;lastOrderDate&quot;: null,
  &quot;registerType&quot;: 0,
  &quot;phoneCountry&quot;: {
    &quot;name&quot;: &quot;Russian Federation&quot;,
    &quot;id&quot;: &quot;59c4edba-f347-45b3-a5c9-aed7ac852ff8&quot;
  },
  &quot;customerStatus&quot;: 0,
  &quot;riderId&quot;: null,
  &quot;password&quot;: null,
  &quot;passwordConfirm&quot;: null,
  &quot;imageFile&quot;: null,
  &quot;referralCode&quot;: null,
  &quot;imageUrl&quot;: null,
  &quot;customerId&quot;: null,
  &quot;id&quot;: &quot;646e35df-cf4a-4dbc-b053-b35de1bcf858&quot;,
  &quot;nationalSecurityNumber&quot;: null,
  &quot;email&quot;: &quot;6qp6gki@grr.la&quot;,
  &quot;isBlockedCodeCampaign&quot;: false,
  &quot;fullName&quot;: &quot;8nbguka&quot;,
  &quot;employeeId&quot;: null,
  &quot;userId&quot;: &quot;df649e39-f09b-4ba3-b611-bb0231c0364d&quot;,
  &quot;lastActiveAt&quot;: &quot;0001-01-01T00:00:00.000Z&quot;,
  &quot;firstName&quot;: &quot;8nbguka&quot;,
  &quot;phoneNumber&quot;: &quot;7947735148&quot;,
  &quot;roleIds&quot;: null,
  &quot;statusText&quot;: &quot;Active&quot;,
  &quot;orders&quot;: null,
  &quot;lastActiveIp&quot;: null,
  &quot;residenceAddress&quot;: null,
  &quot;status&quot;: 1
}
 
17:43:45.525 [pool-1-thread-2] INFO  com.intuit.karate - Environment variable is : popcorn 
17:43:45.777 [pool-1-thread-5] INFO  com.intuit.karate - [print] customer create without authorization response --&gt; {
  &quot;visible&quot;: true,
  &quot;action&quot;: &quot;default&quot;,
  &quot;messages&quot;: [
    &quot;User Authorization Error&quot;
  ],
  &quot;type&quot;: &quot;authorization&quot;,
  &quot;title&quot;: null,
  &quot;message&quot;: &quot;User Authorization Error&quot;,
  &quot;typeCode&quot;: 401
}
 
17:43:45.786 [pool-1-thread-5] INFO  com.intuit.karate - Environment variable is : popcorn 
17:43:45.942 [pool-1-thread-1] INFO  com.intuit.karate - [print] customer create with wrong data response --&gt; {
  &quot;visible&quot;: true,
  &quot;action&quot;: &quot;default&quot;,
  &quot;messages&quot;: [
    &quot;Phone.AlreadyUsed&quot;,
    &quot;Required&quot;,
    &quot;be.user.length&quot;
  ],
  &quot;validations&quot;: {
    &quot;phoneNumber&quot;: [
      &quot;Phone.AlreadyUsed&quot;,
      &quot;Required&quot;,
      &quot;be.user.length&quot;
    ]
  },
  &quot;type&quot;: &quot;validation&quot;,
  &quot;title&quot;: null,
  &quot;message&quot;: &quot;Phone.AlreadyUsed&quot;,
  &quot;typeCode&quot;: 400
}
 
17:43:45.947 [pool-1-thread-1] INFO  com.intuit.karate - Environment variable is : popcorn 
17:43:46.173 [pool-1-thread-2] INFO  com.intuit.karate - [print] customer create with wrong data response --&gt; {
  &quot;visible&quot;: true,
  &quot;action&quot;: &quot;default&quot;,
  &quot;messages&quot;: [
    &quot;Phone.AlreadyUsed&quot;
  ],
  &quot;validations&quot;: {
    &quot;phoneNumber&quot;: [
      &quot;Phone.AlreadyUsed&quot;
    ]
  },
  &quot;type&quot;: &quot;validation&quot;,
  &quot;title&quot;: null,
  &quot;message&quot;: &quot;Phone.AlreadyUsed&quot;,
  &quot;typeCode&quot;: 400
}
 
17:43:46.178 [pool-1-thread-2] INFO  com.intuit.karate - Environment variable is : popcorn 
17:43:46.387 [pool-1-thread-3] INFO  com.intuit.karate - [print] customer create with wrong data response --&gt; {
  &quot;visible&quot;: true,
  &quot;action&quot;: &quot;default&quot;,
  &quot;messages&quot;: [
    &quot;Email.NotValid&quot;,
    &quot;be.user.length&quot;
  ],
  &quot;validations&quot;: {
    &quot;email&quot;: [
      &quot;Email.NotValid&quot;,
      &quot;be.user.length&quot;
    ]
  },
  &quot;type&quot;: &quot;validation&quot;,
  &quot;title&quot;: null,
  &quot;message&quot;: &quot;Email.NotValid&quot;,
  &quot;typeCode&quot;: 400
}
 
17:43:46.393 [pool-1-thread-3] INFO  com.intuit.karate - Environment variable is : popcorn 
17:43:46.406 [pool-1-thread-3] INFO  c.intuit.karate.core.FeatureRuntime - scenario called at line: 14 by tag: @customerInfo
17:43:46.483 [pool-1-thread-1] INFO  com.intuit.karate - [print] customer create with wrong data response --&gt; {
  &quot;visible&quot;: true,
  &quot;action&quot;: &quot;default&quot;,
  &quot;messages&quot;: [
    &quot;Error converting value \&quot;\&quot; to type &apos;System.Guid&apos;. Path &apos;phoneCountryId&apos;, line 1, position 41.&quot;
  ],
  &quot;validations&quot;: {
    &quot;phoneCountryId&quot;: [
      &quot;Error converting value \&quot;\&quot; to type &apos;System.Guid&apos;. Path &apos;phoneCountryId&apos;, line 1, position 41.&quot;
    ]
  },
  &quot;type&quot;: &quot;validation&quot;,
  &quot;title&quot;: null,
  &quot;message&quot;: &quot;Error converting value \&quot;\&quot; to type &apos;System.Guid&apos;. Path &apos;phoneCountryId&apos;, line 1, position 41.&quot;,
  &quot;typeCode&quot;: 400
}
 
17:43:46.490 [pool-1-thread-1] INFO  com.intuit.karate - Environment variable is : popcorn 
17:43:46.495 [pool-1-thread-1] INFO  c.intuit.karate.core.FeatureRuntime - scenario called at line: 14 by tag: @customerInfo
17:43:46.676 [pool-1-thread-5] INFO  com.intuit.karate - [print] customer create with wrong data response --&gt; {
  &quot;visible&quot;: true,
  &quot;action&quot;: &quot;default&quot;,
  &quot;messages&quot;: [
    &quot;Email.NotValid&quot;,
    &quot;be.user.length&quot;
  ],
  &quot;validations&quot;: {
    &quot;email&quot;: [
      &quot;Email.NotValid&quot;,
      &quot;be.user.length&quot;
    ]
  },
  &quot;type&quot;: &quot;validation&quot;,
  &quot;title&quot;: null,
  &quot;message&quot;: &quot;Email.NotValid&quot;,
  &quot;typeCode&quot;: 400
}
 
17:43:46.686 [pool-1-thread-5] INFO  com.intuit.karate - Environment variable is : popcorn 
17:43:46.690 [pool-1-thread-5] INFO  c.intuit.karate.core.FeatureRuntime - scenario called at line: 14 by tag: @customerInfo
17:43:46.804 [pool-1-thread-4] INFO  com.intuit.karate - [print] {
  &quot;titleType&quot;: 10,
  &quot;streetAddress&quot;: &quot;280 Mornigside Dr, San Francisco&quot;,
  &quot;latitude&quot;: 37.7296159,
  &quot;additionalInfo&quot;: &quot;string&quot;,
  &quot;isSelectedShippingAddress&quot;: false,
  &quot;id&quot;: &quot;bc7ec2e5-a2e7-453b-8c16-33e7f87645f6&quot;,
  &quot;title&quot;: &quot;string&quot;,
  &quot;type&quot;: 1,
  &quot;longitude&quot;: -122.4936448
}
 
17:43:46.814 [pool-1-thread-2] INFO  com.intuit.karate - [print] customer create with wrong data response --&gt; {
  &quot;visible&quot;: true,
  &quot;action&quot;: &quot;default&quot;,
  &quot;messages&quot;: [
    &quot;Error converting value \&quot;wrong\&quot; to type &apos;System.Guid&apos;. Path &apos;phoneCountryId&apos;, line 1, position 46.&quot;
  ],
  &quot;validations&quot;: {
    &quot;phoneCountryId&quot;: [
      &quot;Error converting value \&quot;wrong\&quot; to type &apos;System.Guid&apos;. Path &apos;phoneCountryId&apos;, line 1, position 46.&quot;
    ]
  },
  &quot;type&quot;: &quot;validation&quot;,
  &quot;title&quot;: null,
  &quot;message&quot;: &quot;Error converting value \&quot;wrong\&quot; to type &apos;System.Guid&apos;. Path &apos;phoneCountryId&apos;, line 1, position 46.&quot;,
  &quot;typeCode&quot;: 400
}
 
17:43:46.819 [pool-1-thread-2] INFO  com.intuit.karate - Environment variable is : popcorn 
17:43:46.823 [pool-1-thread-2] INFO  c.intuit.karate.core.FeatureRuntime - scenario called at line: 14 by tag: @customerInfo
17:43:47.159 [pool-1-thread-3] INFO  com.intuit.karate - [print] customer create response --&gt; {
  &quot;lastName&quot;: &quot;&quot;,
  &quot;deliveryAddresses&quot;: [
  ],
  &quot;imagePath&quot;: null,
  &quot;roles&quot;: [
  ],
  &quot;lastOrderDate&quot;: null,
  &quot;registerType&quot;: 0,
  &quot;phoneCountry&quot;: {
    &quot;name&quot;: &quot;Russian Federation&quot;,
    &quot;id&quot;: &quot;59c4edba-f347-45b3-a5c9-aed7ac852ff8&quot;
  },
  &quot;customerStatus&quot;: 0,
  &quot;riderId&quot;: null,
  &quot;password&quot;: null,
  &quot;passwordConfirm&quot;: null,
  &quot;imageFile&quot;: null,
  &quot;referralCode&quot;: null,
  &quot;imageUrl&quot;: null,
  &quot;customerId&quot;: null,
  &quot;id&quot;: &quot;e5b0b8a9-4e84-4efa-93e6-91c8a6d4be5b&quot;,
  &quot;nationalSecurityNumber&quot;: null,
  &quot;email&quot;: &quot;xzlymtv@grr.la&quot;,
  &quot;isBlockedCodeCampaign&quot;: false,
  &quot;fullName&quot;: &quot;4lorm7a&quot;,
  &quot;employeeId&quot;: null,
  &quot;userId&quot;: &quot;6970ff26-610a-481c-8e99-1f81d8c06b58&quot;,
  &quot;lastActiveAt&quot;: &quot;0001-01-01T00:00:00.000Z&quot;,
  &quot;firstName&quot;: &quot;4lorm7a&quot;,
  &quot;phoneNumber&quot;: &quot;5860169763&quot;,
  &quot;roleIds&quot;: null,
  &quot;statusText&quot;: &quot;Active&quot;,
  &quot;orders&quot;: null,
  &quot;lastActiveIp&quot;: null,
  &quot;residenceAddress&quot;: null,
  &quot;status&quot;: 1
}
 
17:43:47.292 [pool-1-thread-1] INFO  com.intuit.karate - [print] customer create response --&gt; {
  &quot;lastName&quot;: &quot;&quot;,
  &quot;deliveryAddresses&quot;: [
  ],
  &quot;imagePath&quot;: null,
  &quot;roles&quot;: [
  ],
  &quot;lastOrderDate&quot;: null,
  &quot;registerType&quot;: 0,
  &quot;phoneCountry&quot;: {
    &quot;name&quot;: &quot;Russian Federation&quot;,
    &quot;id&quot;: &quot;59c4edba-f347-45b3-a5c9-aed7ac852ff8&quot;
  },
  &quot;customerStatus&quot;: 0,
  &quot;riderId&quot;: null,
  &quot;password&quot;: null,
  &quot;passwordConfirm&quot;: null,
  &quot;imageFile&quot;: null,
  &quot;referralCode&quot;: null,
  &quot;imageUrl&quot;: null,
  &quot;customerId&quot;: null,
  &quot;id&quot;: &quot;b40ac2f9-deab-4928-a591-d9664083ede7&quot;,
  &quot;nationalSecurityNumber&quot;: null,
  &quot;email&quot;: &quot;5g3ufpr@grr.la&quot;,
  &quot;isBlockedCodeCampaign&quot;: false,
  &quot;fullName&quot;: &quot;nitsbij&quot;,
  &quot;employeeId&quot;: null,
  &quot;userId&quot;: &quot;ed1bc05e-dafb-4845-aa80-1cca8a5cd6c0&quot;,
  &quot;lastActiveAt&quot;: &quot;0001-01-01T00:00:00.000Z&quot;,
  &quot;firstName&quot;: &quot;nitsbij&quot;,
  &quot;phoneNumber&quot;: &quot;8379038898&quot;,
  &quot;roleIds&quot;: null,
  &quot;statusText&quot;: &quot;Active&quot;,
  &quot;orders&quot;: null,
  &quot;lastActiveIp&quot;: null,
  &quot;residenceAddress&quot;: null,
  &quot;status&quot;: 1
}
 
17:43:47.311 [pool-1-thread-4] INFO  com.intuit.karate - [print] Customer Address List Response --&gt;  {
  &quot;page&quot;: {
    &quot;pageNumber&quot;: 0,
    &quot;pageSize&quot;: 0,
    &quot;hasNext&quot;: false,
    &quot;totalCount&quot;: 2
  },
  &quot;items&quot;: [
    {
      &quot;titleType&quot;: 10,
      &quot;streetAddress&quot;: &quot;688 Geary St, San Francisco&quot;,
      &quot;latitude&quot;: 37.78660022692915,
      &quot;additionalInfo&quot;: null,
      &quot;isSelectedShippingAddress&quot;: false,
      &quot;id&quot;: &quot;7c78f10a-71a6-4258-8a36-e09807053172&quot;,
      &quot;title&quot;: &quot;Home&quot;,
      &quot;type&quot;: 1,
      &quot;longitude&quot;: -122.41467263549566
    },
    {
      &quot;titleType&quot;: 10,
      &quot;streetAddress&quot;: &quot;335 Leavenworth St, San Francisco, CA 94102, United States&quot;,
      &quot;latitude&quot;: 37.7839295,
      &quot;additionalInfo&quot;: &quot;string&quot;,
      &quot;isSelectedShippingAddress&quot;: false,
      &quot;id&quot;: &quot;bc7ec2e5-a2e7-453b-8c16-33e7f87645f6&quot;,
      &quot;title&quot;: &quot;string&quot;,
      &quot;type&quot;: 1,
      &quot;longitude&quot;: -122.4174298
    }
  ]
}
 
17:43:47.327 [pool-1-thread-4] INFO  com.intuit.karate - Environment variable is : popcorn 
17:43:47.340 [pool-1-thread-4] INFO  c.intuit.karate.core.FeatureRuntime - scenario called at line: 14 by tag: @customerInfo
17:43:47.429 [pool-1-thread-5] INFO  com.intuit.karate - [print] customer create response --&gt; {
  &quot;lastName&quot;: &quot;&quot;,
  &quot;deliveryAddresses&quot;: [
  ],
  &quot;imagePath&quot;: null,
  &quot;roles&quot;: [
  ],
  &quot;lastOrderDate&quot;: null,
  &quot;registerType&quot;: 0,
  &quot;phoneCountry&quot;: {
    &quot;name&quot;: &quot;Russian Federation&quot;,
    &quot;id&quot;: &quot;59c4edba-f347-45b3-a5c9-aed7ac852ff8&quot;
  },
  &quot;customerStatus&quot;: 0,
  &quot;riderId&quot;: null,
  &quot;password&quot;: null,
  &quot;passwordConfirm&quot;: null,
  &quot;imageFile&quot;: null,
  &quot;referralCode&quot;: null,
  &quot;imageUrl&quot;: null,
  &quot;customerId&quot;: null,
  &quot;id&quot;: &quot;57802fae-0f69-440a-90a8-82dad916cd01&quot;,
  &quot;nationalSecurityNumber&quot;: null,
  &quot;email&quot;: &quot;qk1sasi@grr.la&quot;,
  &quot;isBlockedCodeCampaign&quot;: false,
  &quot;fullName&quot;: &quot;b0ix5bk&quot;,
  &quot;employeeId&quot;: null,
  &quot;userId&quot;: &quot;09dc4ac4-d76f-4567-9833-16210735d28d&quot;,
  &quot;lastActiveAt&quot;: &quot;0001-01-01T00:00:00.000Z&quot;,
  &quot;firstName&quot;: &quot;b0ix5bk&quot;,
  &quot;phoneNumber&quot;: &quot;4969816031&quot;,
  &quot;roleIds&quot;: null,
  &quot;statusText&quot;: &quot;Active&quot;,
  &quot;orders&quot;: null,
  &quot;lastActiveIp&quot;: null,
  &quot;residenceAddress&quot;: null,
  &quot;status&quot;: 1
}
 
---------------------------------------------------------
feature: classpath:features/userApi/address/customer_get_selected_address.feature
scenarios:  2 | passed:  2 | failed:  0 | time: 8.2956
---------------------------------------------------------

17:43:47.593 [pool-2-thread-1] INFO  com.intuit.karate.Suite - &lt;&lt;pass&gt;&gt; feature 6 of 31 (25 remaining) classpath:features/userApi/address/customer_get_selected_address.feature
17:43:47.633 [pool-1-thread-2] INFO  com.intuit.karate - [print] customer create response --&gt; {
  &quot;lastName&quot;: &quot;&quot;,
  &quot;deliveryAddresses&quot;: [
  ],
  &quot;imagePath&quot;: null,
  &quot;roles&quot;: [
  ],
  &quot;lastOrderDate&quot;: null,
  &quot;registerType&quot;: 0,
  &quot;phoneCountry&quot;: {
    &quot;name&quot;: &quot;Russian Federation&quot;,
    &quot;id&quot;: &quot;59c4edba-f347-45b3-a5c9-aed7ac852ff8&quot;
  },
  &quot;customerStatus&quot;: 0,
  &quot;riderId&quot;: null,
  &quot;password&quot;: null,
  &quot;passwordConfirm&quot;: null,
  &quot;imageFile&quot;: null,
  &quot;referralCode&quot;: null,
  &quot;imageUrl&quot;: null,
  &quot;customerId&quot;: null,
  &quot;id&quot;: &quot;6ed92e11-a4de-489d-a9d2-7994f788a13c&quot;,
  &quot;nationalSecurityNumber&quot;: null,
  &quot;email&quot;: &quot;9ec7zfr@grr.la&quot;,
  &quot;isBlockedCodeCampaign&quot;: false,
  &quot;fullName&quot;: &quot;xhie9hp&quot;,
  &quot;employeeId&quot;: null,
  &quot;userId&quot;: &quot;9adbd0d3-6213-4d18-9b92-8bd777b8279c&quot;,
  &quot;lastActiveAt&quot;: &quot;0001-01-01T00:00:00.000Z&quot;,
  &quot;firstName&quot;: &quot;xhie9hp&quot;,
  &quot;phoneNumber&quot;: &quot;5781026994&quot;,
  &quot;roleIds&quot;: null,
  &quot;statusText&quot;: &quot;Active&quot;,
  &quot;orders&quot;: null,
  &quot;lastActiveIp&quot;: null,
  &quot;residenceAddress&quot;: null,
  &quot;status&quot;: 1
}
 
---------------------------------------------------------
feature: classpath:features/userApi/common/address_type_list.feature
scenarios:  1 | passed:  1 | failed:  0 | time: 0.6912
---------------------------------------------------------

17:43:47.658 [pool-2-thread-1] INFO  com.intuit.karate.Suite - &lt;&lt;pass&gt;&gt; feature 7 of 31 (24 remaining) classpath:features/userApi/common/address_type_list.feature
---------------------------------------------------------
feature: classpath:features/userApi/common/file_type_list.feature
scenarios:  1 | passed:  1 | failed:  0 | time: 0.6174
---------------------------------------------------------

17:43:47.685 [pool-2-thread-1] INFO  com.intuit.karate.Suite - &lt;&lt;pass&gt;&gt; feature 8 of 31 (23 remaining) classpath:features/userApi/common/file_type_list.feature
---------------------------------------------------------
feature: classpath:features/userApi/common/rider_status_list.feature
scenarios:  1 | passed:  1 | failed:  0 | time: 0.6533
---------------------------------------------------------

17:43:47.734 [pool-2-thread-1] INFO  com.intuit.karate.Suite - &lt;&lt;pass&gt;&gt; feature 9 of 31 (22 remaining) classpath:features/userApi/common/rider_status_list.feature
---------------------------------------------------------
feature: classpath:features/userApi/common/status_list.feature
scenarios:  1 | passed:  1 | failed:  0 | time: 0.6714
---------------------------------------------------------

17:43:47.763 [pool-2-thread-1] INFO  com.intuit.karate.Suite - &lt;&lt;pass&gt;&gt; feature 10 of 31 (21 remaining) classpath:features/userApi/common/status_list.feature
---------------------------------------------------------
feature: classpath:features/userApi/common/title_type_list.feature
scenarios:  1 | passed:  1 | failed:  0 | time: 1.2067
---------------------------------------------------------

17:43:47.792 [pool-2-thread-1] INFO  com.intuit.karate.Suite - &lt;&lt;pass&gt;&gt; feature 11 of 31 (20 remaining) classpath:features/userApi/common/title_type_list.feature
---------------------------------------------------------
feature: classpath:features/userApi/common/user_status_list.feature
scenarios:  1 | passed:  1 | failed:  0 | time: 0.8501
---------------------------------------------------------

17:43:47.820 [pool-2-thread-1] INFO  com.intuit.karate.Suite - &lt;&lt;pass&gt;&gt; feature 12 of 31 (19 remaining) classpath:features/userApi/common/user_status_list.feature
---------------------------------------------------------
feature: classpath:features/userApi/customer/customer_create.feature
scenarios:  8 | passed:  8 | failed:  0 | time: 6.6551
---------------------------------------------------------

17:43:47.922 [pool-2-thread-1] INFO  com.intuit.karate.Suite - &lt;&lt;pass&gt;&gt; feature 13 of 31 (18 remaining) classpath:features/userApi/customer/customer_create.feature
17:43:48.084 [pool-1-thread-5] INFO  com.intuit.karate - [print] customer edit fail scenario response --&gt; {
  &quot;visible&quot;: true,
  &quot;action&quot;: &quot;default&quot;,
  &quot;messages&quot;: [
    &quot;Error converting value \&quot;\&quot; to type &apos;System.Guid&apos;. Path &apos;id&apos;, line 1, position 8.&quot;
  ],
  &quot;validations&quot;: {
    &quot;id&quot;: [
      &quot;Error converting value \&quot;\&quot; to type &apos;System.Guid&apos;. Path &apos;id&apos;, line 1, position 8.&quot;
    ]
  },
  &quot;type&quot;: &quot;validation&quot;,
  &quot;title&quot;: null,
  &quot;message&quot;: &quot;Error converting value \&quot;\&quot; to type &apos;System.Guid&apos;. Path &apos;id&apos;, line 1, position 8.&quot;,
  &quot;typeCode&quot;: 400
}
 
17:43:48.094 [pool-1-thread-5] INFO  com.intuit.karate - Environment variable is : popcorn 
17:43:48.103 [pool-1-thread-5] INFO  c.intuit.karate.core.FeatureRuntime - scenario called at line: 14 by tag: @customerInfo
17:43:48.301 [pool-1-thread-4] INFO  com.intuit.karate - [print] customer create response --&gt; {
  &quot;lastName&quot;: &quot;&quot;,
  &quot;deliveryAddresses&quot;: [
  ],
  &quot;imagePath&quot;: null,
  &quot;roles&quot;: [
  ],
  &quot;lastOrderDate&quot;: null,
  &quot;registerType&quot;: 0,
  &quot;phoneCountry&quot;: {
    &quot;name&quot;: &quot;Russian Federation&quot;,
    &quot;id&quot;: &quot;59c4edba-f347-45b3-a5c9-aed7ac852ff8&quot;
  },
  &quot;customerStatus&quot;: 0,
  &quot;riderId&quot;: null,
  &quot;password&quot;: null,
  &quot;passwordConfirm&quot;: null,
  &quot;imageFile&quot;: null,
  &quot;referralCode&quot;: null,
  &quot;imageUrl&quot;: null,
  &quot;customerId&quot;: null,
  &quot;id&quot;: &quot;98aca154-adb3-4ea0-8b69-e4dfb3a5b11c&quot;,
  &quot;nationalSecurityNumber&quot;: null,
  &quot;email&quot;: &quot;ku8bkb1@grr.la&quot;,
  &quot;isBlockedCodeCampaign&quot;: false,
  &quot;fullName&quot;: &quot;fde2grk&quot;,
  &quot;employeeId&quot;: null,
  &quot;userId&quot;: &quot;dd6351fd-a06c-494c-90d7-36d1ac608d13&quot;,
  &quot;lastActiveAt&quot;: &quot;0001-01-01T00:00:00.000Z&quot;,
  &quot;firstName&quot;: &quot;fde2grk&quot;,
  &quot;phoneNumber&quot;: &quot;2966875125&quot;,
  &quot;roleIds&quot;: null,
  &quot;statusText&quot;: &quot;Active&quot;,
  &quot;orders&quot;: null,
  &quot;lastActiveIp&quot;: null,
  &quot;residenceAddress&quot;: null,
  &quot;status&quot;: 1
}
 
17:43:48.334 [pool-1-thread-2] INFO  com.intuit.karate - [print] customer edit fail scenario response --&gt; {
  &quot;visible&quot;: true,
  &quot;action&quot;: &quot;default&quot;,
  &quot;messages&quot;: [
    &quot;Error converting value \&quot;\&quot; to type &apos;System.Guid&apos;. Path &apos;phoneCountryId&apos;, line 1, position 92.&quot;
  ],
  &quot;validations&quot;: {
    &quot;phoneCountryId&quot;: [
      &quot;Error converting value \&quot;\&quot; to type &apos;System.Guid&apos;. Path &apos;phoneCountryId&apos;, line 1, position 92.&quot;
    ]
  },
  &quot;type&quot;: &quot;validation&quot;,
  &quot;title&quot;: null,
  &quot;message&quot;: &quot;Error converting value \&quot;\&quot; to type &apos;System.Guid&apos;. Path &apos;phoneCountryId&apos;, line 1, position 92.&quot;,
  &quot;typeCode&quot;: 400
}
 
17:43:48.340 [pool-1-thread-2] INFO  com.intuit.karate - Environment variable is : popcorn 
17:43:48.342 [pool-1-thread-3] INFO  com.intuit.karate - [print] customer edit response --&gt; {
  &quot;lastName&quot;: &quot;deneme1234&quot;,
  &quot;deliveryAddresses&quot;: [
  ],
  &quot;imagePath&quot;: null,
  &quot;roles&quot;: [
  ],
  &quot;lastOrderDate&quot;: null,
  &quot;registerType&quot;: 0,
  &quot;phoneCountry&quot;: {
    &quot;name&quot;: &quot;Russian Federation&quot;,
    &quot;id&quot;: &quot;59c4edba-f347-45b3-a5c9-aed7ac852ff8&quot;
  },
  &quot;customerStatus&quot;: 0,
  &quot;riderId&quot;: null,
  &quot;password&quot;: null,
  &quot;passwordConfirm&quot;: null,
  &quot;imageFile&quot;: null,
  &quot;referralCode&quot;: null,
  &quot;imageUrl&quot;: null,
  &quot;customerId&quot;: null,
  &quot;id&quot;: &quot;e5b0b8a9-4e84-4efa-93e6-91c8a6d4be5b&quot;,
  &quot;nationalSecurityNumber&quot;: null,
  &quot;email&quot;: &quot;pkkxiux@grr.la&quot;,
  &quot;isBlockedCodeCampaign&quot;: false,
  &quot;fullName&quot;: &quot;tes123 deneme1234&quot;,
  &quot;employeeId&quot;: null,
  &quot;userId&quot;: &quot;6970ff26-610a-481c-8e99-1f81d8c06b58&quot;,
  &quot;lastActiveAt&quot;: &quot;0001-01-01T00:00:00.000Z&quot;,
  &quot;firstName&quot;: &quot;tes123&quot;,
  &quot;phoneNumber&quot;: &quot;5792618928&quot;,
  &quot;roleIds&quot;: null,
  &quot;statusText&quot;: &quot;Passive&quot;,
  &quot;orders&quot;: null,
  &quot;lastActiveIp&quot;: null,
  &quot;residenceAddress&quot;: null,
  &quot;status&quot;: 0
}
 
17:43:48.353 [pool-1-thread-1] INFO  com.intuit.karate - [print] customer edit without authorization response --&gt; {
  &quot;visible&quot;: true,
  &quot;action&quot;: &quot;default&quot;,
  &quot;messages&quot;: [
    &quot;User Authorization Error&quot;
  ],
  &quot;type&quot;: &quot;authorization&quot;,
  &quot;title&quot;: null,
  &quot;message&quot;: &quot;User Authorization Error&quot;,
  &quot;typeCode&quot;: 401
}
 
17:43:48.360 [pool-1-thread-3] INFO  com.intuit.karate - Environment variable is : popcorn 
17:43:48.362 [pool-1-thread-2] INFO  c.intuit.karate.core.FeatureRuntime - scenario called at line: 14 by tag: @customerInfo
17:43:48.373 [pool-1-thread-1] INFO  com.intuit.karate - Environment variable is : popcorn 
17:43:48.378 [pool-1-thread-3] INFO  c.intuit.karate.core.FeatureRuntime - scenario called at line: 14 by tag: @customerInfo
17:43:48.387 [pool-1-thread-1] INFO  c.intuit.karate.core.FeatureRuntime - scenario called at line: 14 by tag: @customerInfo
17:43:48.911 [pool-1-thread-5] INFO  com.intuit.karate - [print] customer create response --&gt; {
  &quot;lastName&quot;: &quot;&quot;,
  &quot;deliveryAddresses&quot;: [
  ],
  &quot;imagePath&quot;: null,
  &quot;roles&quot;: [
  ],
  &quot;lastOrderDate&quot;: null,
  &quot;registerType&quot;: 0,
  &quot;phoneCountry&quot;: {
    &quot;name&quot;: &quot;Russian Federation&quot;,
    &quot;id&quot;: &quot;59c4edba-f347-45b3-a5c9-aed7ac852ff8&quot;
  },
  &quot;customerStatus&quot;: 0,
  &quot;riderId&quot;: null,
  &quot;password&quot;: null,
  &quot;passwordConfirm&quot;: null,
  &quot;imageFile&quot;: null,
  &quot;referralCode&quot;: null,
  &quot;imageUrl&quot;: null,
  &quot;customerId&quot;: null,
  &quot;id&quot;: &quot;302a55ac-55fa-4622-a6f2-157445997565&quot;,
  &quot;nationalSecurityNumber&quot;: null,
  &quot;email&quot;: &quot;rct7reu@grr.la&quot;,
  &quot;isBlockedCodeCampaign&quot;: false,
  &quot;fullName&quot;: &quot;cu6waqd&quot;,
  &quot;employeeId&quot;: null,
  &quot;userId&quot;: &quot;6b750df6-9830-4bdc-8e2f-c0ac12295780&quot;,
  &quot;lastActiveAt&quot;: &quot;0001-01-01T00:00:00.000Z&quot;,
  &quot;firstName&quot;: &quot;cu6waqd&quot;,
  &quot;phoneNumber&quot;: &quot;8448390906&quot;,
  &quot;roleIds&quot;: null,
  &quot;statusText&quot;: &quot;Active&quot;,
  &quot;orders&quot;: null,
  &quot;lastActiveIp&quot;: null,
  &quot;residenceAddress&quot;: null,
  &quot;status&quot;: 1
}
 
17:43:48.965 [pool-1-thread-4] INFO  com.intuit.karate - [print] customer edit fail scenario response --&gt; {
  &quot;visible&quot;: true,
  &quot;action&quot;: &quot;default&quot;,
  &quot;messages&quot;: [
    &quot;Email.NotValid&quot;,
    &quot;be.user.length&quot;
  ],
  &quot;validations&quot;: {
    &quot;email&quot;: [
      &quot;Email.NotValid&quot;,
      &quot;be.user.length&quot;
    ]
  },
  &quot;type&quot;: &quot;validation&quot;,
  &quot;title&quot;: null,
  &quot;message&quot;: &quot;Email.NotValid&quot;,
  &quot;typeCode&quot;: 400
}
 
17:43:48.987 [pool-1-thread-4] INFO  com.intuit.karate - Environment variable is : popcorn 
17:43:49.003 [pool-1-thread-4] INFO  c.intuit.karate.core.FeatureRuntime - scenario called at line: 14 by tag: @customerInfo
17:43:49.324 [pool-1-thread-1] INFO  com.intuit.karate - [print] customer create response --&gt; {
  &quot;lastName&quot;: &quot;&quot;,
  &quot;deliveryAddresses&quot;: [
  ],
  &quot;imagePath&quot;: null,
  &quot;roles&quot;: [
  ],
  &quot;lastOrderDate&quot;: null,
  &quot;registerType&quot;: 0,
  &quot;phoneCountry&quot;: {
    &quot;name&quot;: &quot;Russian Federation&quot;,
    &quot;id&quot;: &quot;59c4edba-f347-45b3-a5c9-aed7ac852ff8&quot;
  },
  &quot;customerStatus&quot;: 0,
  &quot;riderId&quot;: null,
  &quot;password&quot;: null,
  &quot;passwordConfirm&quot;: null,
  &quot;imageFile&quot;: null,
  &quot;referralCode&quot;: null,
  &quot;imageUrl&quot;: null,
  &quot;customerId&quot;: null,
  &quot;id&quot;: &quot;a98970e8-966c-48ef-a90b-fc4a6402d551&quot;,
  &quot;nationalSecurityNumber&quot;: null,
  &quot;email&quot;: &quot;eogbkrr@grr.la&quot;,
  &quot;isBlockedCodeCampaign&quot;: false,
  &quot;fullName&quot;: &quot;umd0y1i&quot;,
  &quot;employeeId&quot;: null,
  &quot;userId&quot;: &quot;44e0b3ec-67f6-4869-8107-95832e9a07ab&quot;,
  &quot;lastActiveAt&quot;: &quot;0001-01-01T00:00:00.000Z&quot;,
  &quot;firstName&quot;: &quot;umd0y1i&quot;,
  &quot;phoneNumber&quot;: &quot;2709696658&quot;,
  &quot;roleIds&quot;: null,
  &quot;statusText&quot;: &quot;Active&quot;,
  &quot;orders&quot;: null,
  &quot;lastActiveIp&quot;: null,
  &quot;residenceAddress&quot;: null,
  &quot;status&quot;: 1
}
 
17:43:49.386 [pool-1-thread-3] INFO  com.intuit.karate - [print] customer create response --&gt; {
  &quot;lastName&quot;: &quot;&quot;,
  &quot;deliveryAddresses&quot;: [
  ],
  &quot;imagePath&quot;: null,
  &quot;roles&quot;: [
  ],
  &quot;lastOrderDate&quot;: null,
  &quot;registerType&quot;: 0,
  &quot;phoneCountry&quot;: {
    &quot;name&quot;: &quot;Russian Federation&quot;,
    &quot;id&quot;: &quot;59c4edba-f347-45b3-a5c9-aed7ac852ff8&quot;
  },
  &quot;customerStatus&quot;: 0,
  &quot;riderId&quot;: null,
  &quot;password&quot;: null,
  &quot;passwordConfirm&quot;: null,
  &quot;imageFile&quot;: null,
  &quot;referralCode&quot;: null,
  &quot;imageUrl&quot;: null,
  &quot;customerId&quot;: null,
  &quot;id&quot;: &quot;28604b72-f4ea-45a6-a92c-ec1d51641cd8&quot;,
  &quot;nationalSecurityNumber&quot;: null,
  &quot;email&quot;: &quot;flj6zch@grr.la&quot;,
  &quot;isBlockedCodeCampaign&quot;: false,
  &quot;fullName&quot;: &quot;wfhtyvc&quot;,
  &quot;employeeId&quot;: null,
  &quot;userId&quot;: &quot;9c440a70-dfa8-44d2-a6e9-fb5a3d9c5032&quot;,
  &quot;lastActiveAt&quot;: &quot;0001-01-01T00:00:00.000Z&quot;,
  &quot;firstName&quot;: &quot;wfhtyvc&quot;,
  &quot;phoneNumber&quot;: &quot;7102856417&quot;,
  &quot;roleIds&quot;: null,
  &quot;statusText&quot;: &quot;Active&quot;,
  &quot;orders&quot;: null,
  &quot;lastActiveIp&quot;: null,
  &quot;residenceAddress&quot;: null,
  &quot;status&quot;: 1
}
 
17:43:49.386 [pool-1-thread-2] INFO  com.intuit.karate - [print] customer create response --&gt; {
  &quot;lastName&quot;: &quot;&quot;,
  &quot;deliveryAddresses&quot;: [
  ],
  &quot;imagePath&quot;: null,
  &quot;roles&quot;: [
  ],
  &quot;lastOrderDate&quot;: null,
  &quot;registerType&quot;: 0,
  &quot;phoneCountry&quot;: {
    &quot;name&quot;: &quot;Russian Federation&quot;,
    &quot;id&quot;: &quot;59c4edba-f347-45b3-a5c9-aed7ac852ff8&quot;
  },
  &quot;customerStatus&quot;: 0,
  &quot;riderId&quot;: null,
  &quot;password&quot;: null,
  &quot;passwordConfirm&quot;: null,
  &quot;imageFile&quot;: null,
  &quot;referralCode&quot;: null,
  &quot;imageUrl&quot;: null,
  &quot;customerId&quot;: null,
  &quot;id&quot;: &quot;dc6253c2-c1a6-444f-a96a-e9989f9ba8b7&quot;,
  &quot;nationalSecurityNumber&quot;: null,
  &quot;email&quot;: &quot;0pthies@grr.la&quot;,
  &quot;isBlockedCodeCampaign&quot;: false,
  &quot;fullName&quot;: &quot;wzay0x7&quot;,
  &quot;employeeId&quot;: null,
  &quot;userId&quot;: &quot;b4280843-f675-43d2-92ee-25a89e4d5a36&quot;,
  &quot;lastActiveAt&quot;: &quot;0001-01-01T00:00:00.000Z&quot;,
  &quot;firstName&quot;: &quot;wzay0x7&quot;,
  &quot;phoneNumber&quot;: &quot;6676664643&quot;,
  &quot;roleIds&quot;: null,
  &quot;statusText&quot;: &quot;Active&quot;,
  &quot;orders&quot;: null,
  &quot;lastActiveIp&quot;: null,
  &quot;residenceAddress&quot;: null,
  &quot;status&quot;: 1
}
 
17:43:49.871 [pool-1-thread-5] INFO  com.intuit.karate - [print] customer edit fail scenario response --&gt; {
  &quot;visible&quot;: true,
  &quot;action&quot;: &quot;default&quot;,
  &quot;messages&quot;: [
    &quot;Required&quot;,
    &quot;be.user.length&quot;,
    &quot;Same Phone Number cannot be used for more than one user.&quot;
  ],
  &quot;validations&quot;: {
    &quot;phoneNumber&quot;: [
      &quot;Required&quot;,
      &quot;be.user.length&quot;
    ],
    &quot;phoneCountryId&quot;: [
      &quot;Same Phone Number cannot be used for more than one user.&quot;
    ]
  },
  &quot;type&quot;: &quot;validation&quot;,
  &quot;title&quot;: null,
  &quot;message&quot;: &quot;Required&quot;,
  &quot;typeCode&quot;: 400
}
 
17:43:49.886 [pool-1-thread-5] INFO  com.intuit.karate - Environment variable is : popcorn 
17:43:49.896 [pool-1-thread-5] INFO  c.intuit.karate.core.FeatureRuntime - scenario called at line: 14 by tag: @customerInfo
17:43:49.955 [pool-1-thread-1] INFO  com.intuit.karate - [print] customer edit fail scenario response --&gt; {
  &quot;visible&quot;: true,
  &quot;action&quot;: &quot;default&quot;,
  &quot;messages&quot;: [
    &quot;Error converting value \&quot;wrong\&quot; to type &apos;System.Guid&apos;. Path &apos;phoneCountryId&apos;, line 1, position 97.&quot;
  ],
  &quot;validations&quot;: {
    &quot;phoneCountryId&quot;: [
      &quot;Error converting value \&quot;wrong\&quot; to type &apos;System.Guid&apos;. Path &apos;phoneCountryId&apos;, line 1, position 97.&quot;
    ]
  },
  &quot;type&quot;: &quot;validation&quot;,
  &quot;title&quot;: null,
  &quot;message&quot;: &quot;Error converting value \&quot;wrong\&quot; to type &apos;System.Guid&apos;. Path &apos;phoneCountryId&apos;, line 1, position 97.&quot;,
  &quot;typeCode&quot;: 400
}
 
17:43:49.958 [pool-1-thread-1] INFO  com.intuit.karate - Environment variable is : popcorn 
17:43:50.012 [pool-1-thread-4] INFO  com.intuit.karate - [print] customer create response --&gt; {
  &quot;lastName&quot;: &quot;&quot;,
  &quot;deliveryAddresses&quot;: [
  ],
  &quot;imagePath&quot;: null,
  &quot;roles&quot;: [
  ],
  &quot;lastOrderDate&quot;: null,
  &quot;registerType&quot;: 0,
  &quot;phoneCountry&quot;: {
    &quot;name&quot;: &quot;Russian Federation&quot;,
    &quot;id&quot;: &quot;59c4edba-f347-45b3-a5c9-aed7ac852ff8&quot;
  },
  &quot;customerStatus&quot;: 0,
  &quot;riderId&quot;: null,
  &quot;password&quot;: null,
  &quot;passwordConfirm&quot;: null,
  &quot;imageFile&quot;: null,
  &quot;referralCode&quot;: null,
  &quot;imageUrl&quot;: null,
  &quot;customerId&quot;: null,
  &quot;id&quot;: &quot;f1e8d528-c530-470f-a8e1-da94c492ee68&quot;,
  &quot;nationalSecurityNumber&quot;: null,
  &quot;email&quot;: &quot;6hsb3gp@grr.la&quot;,
  &quot;isBlockedCodeCampaign&quot;: false,
  &quot;fullName&quot;: &quot;xkjqkq8&quot;,
  &quot;employeeId&quot;: null,
  &quot;userId&quot;: &quot;fc5e4cd4-cd1d-48f0-b902-cf0ab3f6386b&quot;,
  &quot;lastActiveAt&quot;: &quot;0001-01-01T00:00:00.000Z&quot;,
  &quot;firstName&quot;: &quot;xkjqkq8&quot;,
  &quot;phoneNumber&quot;: &quot;0174355809&quot;,
  &quot;roleIds&quot;: null,
  &quot;statusText&quot;: &quot;Active&quot;,
  &quot;orders&quot;: null,
  &quot;lastActiveIp&quot;: null,
  &quot;residenceAddress&quot;: null,
  &quot;status&quot;: 1
}
 
[...]
        &quot;displayOrder&quot;: 0,
        &quot;description&quot;: null,
        &quot;id&quot;: &quot;73aaaf9f-f0ae-4082-8b27-087cd854a8ae&quot;,
        &quot;isMenu&quot;: false,
        &quot;key&quot;: &quot;Region.Create&quot;,
        &quot;parentId&quot;: &quot;636ed702-38d2-4f20-967d-54564a31315f&quot;,
        &quot;unAuthorizedProps&quot;: {
          &quot;visible&quot;: false,
          &quot;disabled&quot;: false
        },
        &quot;actionName&quot;: &quot;Create&quot;
      },
      {
        &quot;routePath&quot;: &quot;audit-logs&quot;,
        &quot;iconName&quot;: &quot;auditSVG&quot;,
        &quot;controllerName&quot;: &quot;Audit&quot;,
        &quot;name&quot;: &quot;Audits&quot;,
        &quot;displayOrder&quot;: 999,
        &quot;description&quot;: null,
        &quot;id&quot;: &quot;76070de9-f4f5-4096-aa99-2d2bac586b44&quot;,
        &quot;isMenu&quot;: true,
        &quot;key&quot;: &quot;Audit.Index&quot;,
        &quot;parentId&quot;: null,
        &quot;unAuthorizedProps&quot;: {
          &quot;visible&quot;: false,
          &quot;disabled&quot;: false
        },
        &quot;actionName&quot;: &quot;Index&quot;
      },
      {
        &quot;routePath&quot;: null,
        &quot;iconName&quot;: null,
        &quot;controllerName&quot;: &quot;Order&quot;,
        &quot;name&quot;: &quot;Order PartialRefund&quot;,
        &quot;displayOrder&quot;: 0,
        &quot;description&quot;: null,
        &quot;id&quot;: &quot;5a118c25-8cae-40b6-9728-4542683e02e7&quot;,
        &quot;isMenu&quot;: false,
        &quot;key&quot;: &quot;Order.PartialRefund&quot;,
        &quot;parentId&quot;: &quot;872b9f8c-c48d-dfeb-de32-1be0c3c38dbb&quot;,
        &quot;unAuthorizedProps&quot;: {
          &quot;visible&quot;: false,
          &quot;disabled&quot;: false
        },
        &quot;actionName&quot;: &quot;PartialRefund&quot;
      },
      {
        &quot;routePath&quot;: null,
        &quot;iconName&quot;: null,
        &quot;controllerName&quot;: &quot;Permission&quot;,
        &quot;name&quot;: &quot;Permission List&quot;,
        &quot;displayOrder&quot;: 0,
        &quot;description&quot;: null,
        &quot;id&quot;: &quot;efde75e6-f926-47b4-8fc7-a190415c9625&quot;,
        &quot;isMenu&quot;: false,
        &quot;key&quot;: &quot;Permission.List&quot;,
        &quot;parentId&quot;: &quot;213aad81-551b-49f7-9d15-f11f5b9e7e88&quot;,
        &quot;unAuthorizedProps&quot;: {
          &quot;visible&quot;: false,
          &quot;disabled&quot;: false
        },
        &quot;actionName&quot;: &quot;List&quot;
      },
      {
        &quot;routePath&quot;: null,
        &quot;iconName&quot;: null,
        &quot;controllerName&quot;: &quot;Order&quot;,
        &quot;name&quot;: &quot;Order ListForFilterByActiveOrders&quot;,
        &quot;displayOrder&quot;: 0,
        &quot;description&quot;: null,
        &quot;id&quot;: &quot;5b6e6765-324b-4573-9918-6495fb653c36&quot;,
        &quot;isMenu&quot;: false,
        &quot;key&quot;: &quot;Order.ListForFilterByActiveOrders&quot;,
        &quot;parentId&quot;: &quot;872b9f8c-c48d-dfeb-de32-1be0c3c38dbb&quot;,
        &quot;unAuthorizedProps&quot;: {
          &quot;visible&quot;: false,
          &quot;disabled&quot;: false
        },
        &quot;actionName&quot;: &quot;ListForFilterByActiveOrders&quot;
      },
      {
        &quot;routePath&quot;: null,
        &quot;iconName&quot;: &quot;ChangeStatusToCompleted&quot;,
        &quot;controllerName&quot;: &quot;Order&quot;,
        &quot;name&quot;: &quot;Order ChangeStatusToCompleted&quot;,
        &quot;displayOrder&quot;: 0,
        &quot;description&quot;: null,
        &quot;id&quot;: &quot;c0d476ba-4306-46e1-b6b4-4c9e459a7724&quot;,
        &quot;isMenu&quot;: false,
        &quot;key&quot;: &quot;Order.ChangeStatusToCompleted&quot;,
        &quot;parentId&quot;: &quot;872b9f8c-c48d-dfeb-de32-1be0c3c38dbb&quot;,
        &quot;unAuthorizedProps&quot;: {
          &quot;visible&quot;: false,
          &quot;disabled&quot;: false
        },
        &quot;actionName&quot;: &quot;ChangeStatusToCompleted&quot;
      },
      {
        &quot;routePath&quot;: &quot;dashboards&quot;,
        &quot;iconName&quot;: &quot;dashboardSVG&quot;,
        &quot;controllerName&quot;: &quot;Dashboard&quot;,
        &quot;name&quot;: &quot;Analytics&quot;,
        &quot;displayOrder&quot;: 400,
        &quot;description&quot;: &quot;Analytics&quot;,
        &quot;id&quot;: &quot;05f03ef2-ee9e-466b-b024-cfa79802f9ae&quot;,
        &quot;isMenu&quot;: false,
        &quot;key&quot;: &quot;Dashboard.List&quot;,
        &quot;parentId&quot;: null,
        &quot;unAuthorizedProps&quot;: {
          &quot;visible&quot;: false,
          &quot;disabled&quot;: false
        },
        &quot;actionName&quot;: &quot;List&quot;
      },
      {
        &quot;routePath&quot;: null,
        &quot;iconName&quot;: null,
        &quot;controllerName&quot;: &quot;Warehouse&quot;,
        &quot;name&quot;: &quot;Warehouse EditWarehouseStatus&quot;,
        &quot;displayOrder&quot;: 0,
        &quot;description&quot;: null,
        &quot;id&quot;: &quot;ceb79cf6-b1a8-468b-8b15-e73bb6c3ffe9&quot;,
        &quot;isMenu&quot;: false,
        &quot;key&quot;: &quot;Warehouse.EditWarehouseStatus&quot;,
        &quot;parentId&quot;: &quot;7a99d565-0e98-95af-19bd-814011ea2417&quot;,
        &quot;unAuthorizedProps&quot;: {
          &quot;visible&quot;: false,
          &quot;disabled&quot;: false
        },
        &quot;actionName&quot;: &quot;EditWarehouseStatus&quot;
      },
      {
        &quot;routePath&quot;: null,
        &quot;iconName&quot;: null,
        &quot;controllerName&quot;: &quot;Order&quot;,
        &quot;name&quot;: &quot;Order Delete&quot;,
        &quot;displayOrder&quot;: 0,
        &quot;description&quot;: null,
        &quot;id&quot;: &quot;e7fae6f1-e5f5-48e4-ab32-c61d6457b738&quot;,
        &quot;isMenu&quot;: false,
        &quot;key&quot;: &quot;Order.Delete&quot;,
        &quot;parentId&quot;: &quot;872b9f8c-c48d-dfeb-de32-1be0c3c38dbb&quot;,
        &quot;unAuthorizedProps&quot;: {
          &quot;visible&quot;: false,
          &quot;disabled&quot;: false
        },
        &quot;actionName&quot;: &quot;Delete&quot;
      },
      {
        &quot;routePath&quot;: null,
        &quot;iconName&quot;: &quot;RemoteSearchForCouponCode&quot;,
        &quot;controllerName&quot;: &quot;CouponCode&quot;,
        &quot;name&quot;: &quot;CouponCode RemoteSearchForCouponCode&quot;,
        &quot;displayOrder&quot;: 0,
        &quot;description&quot;: null,
        &quot;id&quot;: &quot;14ed0b92-dcc7-4309-aef9-522eec12fc08&quot;,
        &quot;isMenu&quot;: false,
        &quot;key&quot;: &quot;CouponCode.RemoteSearchForCouponCode&quot;,
        &quot;parentId&quot;: null,
        &quot;unAuthorizedProps&quot;: {
          &quot;visible&quot;: false,
          &quot;disabled&quot;: false
        },
        &quot;actionName&quot;: &quot;RemoteSearchForCouponCode&quot;
      },
      {
        &quot;routePath&quot;: null,
        &quot;iconName&quot;: null,
        &quot;controllerName&quot;: &quot;LocaleResource&quot;,
        &quot;name&quot;: &quot;LocaleResource List&quot;,
        &quot;displayOrder&quot;: 0,
        &quot;description&quot;: null,
        &quot;id&quot;: &quot;1f97b83f-e4aa-4e06-b490-eca7a7c7c5ef&quot;,
        &quot;isMenu&quot;: false,
        &quot;key&quot;: &quot;LocaleResource.List&quot;,
        &quot;parentId&quot;: &quot;4c1a6c0d-765c-444a-b7c8-49e99f61d47b&quot;,
        &quot;unAuthorizedProps&quot;: {
          &quot;visible&quot;: false,
          &quot;disabled&quot;: false
        },
        &quot;actionName&quot;: &quot;List&quot;
      },
      {
        &quot;routePath&quot;: &quot;roles&quot;,
        &quot;iconName&quot;: &quot;RolesSVG&quot;,
        &quot;controllerName&quot;: &quot;Role&quot;,
        &quot;name&quot;: &quot;Roles&quot;,
        &quot;displayOrder&quot;: 650,
        &quot;description&quot;: null,
        &quot;id&quot;: &quot;e98d2f21-52f8-41cb-9b3f-fe979b5f0578&quot;,
        &quot;isMenu&quot;: true,
        &quot;key&quot;: &quot;Role.Index&quot;,
        &quot;parentId&quot;: &quot;8b04f24a-f777-5455-9d4b-5d32257d3d62&quot;,
        &quot;unAuthorizedProps&quot;: {
          &quot;visible&quot;: false,
          &quot;disabled&quot;: false
        },
        &quot;actionName&quot;: &quot;Index&quot;
      },
      {
        &quot;routePath&quot;: null,
        &quot;iconName&quot;: null,
        &quot;controllerName&quot;: &quot;SubRegion&quot;,
        &quot;name&quot;: &quot;SubRegion Delete&quot;,
        &quot;displayOrder&quot;: 0,
        &quot;description&quot;: null,
        &quot;id&quot;: &quot;df7da069-b35d-4179-a5dc-8f61beab4226&quot;,
        &quot;isMenu&quot;: false,
        &quot;key&quot;: &quot;SubRegion.Delete&quot;,
        &quot;parentId&quot;: &quot;5016a026-6957-41ab-8cda-9bd37afe0841&quot;,
        &quot;unAuthorizedProps&quot;: {
          &quot;visible&quot;: false,
          &quot;disabled&quot;: false
        },
        &quot;actionName&quot;: &quot;Delete&quot;
      },
      {
        &quot;routePath&quot;: null,
        &quot;iconName&quot;: &quot;UploadProductMedia&quot;,
        &quot;controllerName&quot;: &quot;ProductMedia&quot;,
        &quot;name&quot;: &quot;ProductMedia UploadProductMedia&quot;,
        &quot;displayOrder&quot;: 0,
        &quot;description&quot;: null,
        &quot;id&quot;: &quot;f214be5c-985b-4aaa-aa42-d49e789d5ca6&quot;,
        &quot;isMenu&quot;: false,
        &quot;key&quot;: &quot;ProductMedia.UploadProductMedia&quot;,
        &quot;parentId&quot;: &quot;1858607f-58c2-4c69-8078-f2756c5ca81e&quot;,
        &quot;unAuthorizedProps&quot;: {
          &quot;visible&quot;: false,
          &quot;disabled&quot;: false
        },
        &quot;actionName&quot;: &quot;UploadProductMedia&quot;
      },
      {
        &quot;routePath&quot;: null,
        &quot;iconName&quot;: null,
        &quot;controllerName&quot;: &quot;Order&quot;,
        &quot;name&quot;: &quot;order ListForFilter&quot;,
        &quot;displayOrder&quot;: 0,
        &quot;description&quot;: null,
        &quot;id&quot;: &quot;f12e049a-8719-46d1-9507-00d1671d7c6d&quot;,
        &quot;isMenu&quot;: false,
        &quot;key&quot;: &quot;Order.ListForFilter&quot;,
        &quot;parentId&quot;: &quot;872b9f8c-c48d-dfeb-de32-1be0c3c38dbb&quot;,
        &quot;unAuthorizedProps&quot;: {
          &quot;visible&quot;: false,
          &quot;disabled&quot;: false
        },
        &quot;actionName&quot;: &quot;ListForFilter&quot;
      },
      {
        &quot;routePath&quot;: null,
        &quot;iconName&quot;: null,
        &quot;controllerName&quot;: &quot;CouponCode&quot;,
        &quot;name&quot;: &quot;CouponCode&quot;,
        &quot;displayOrder&quot;: 0,
        &quot;description&quot;: null,
        &quot;id&quot;: &quot;d2f7e3bf-712f-4991-994f-0f3e5e6cda1b&quot;,
        &quot;isMenu&quot;: false,
        &quot;key&quot;: &quot;CouponCode.FindByCode&quot;,
        &quot;parentId&quot;: &quot;5aaef586-e311-4265-a241-6eb9758d6541&quot;,
        &quot;unAuthorizedProps&quot;: {
          &quot;visible&quot;: false,
          &quot;disabled&quot;: false
        },
        &quot;actionName&quot;: &quot;FindByCode&quot;
      }
    ],
    &quot;imageUrl&quot;: null,
    &quot;phoneCountryId&quot;: &quot;f83c326d-cbf4-47cf-b592-f3f638a5a958&quot;,
    &quot;email&quot;: &quot;busra@popcornvan.com&quot;
  },
  &quot;refreshToken&quot;: &quot;cMs3hE/M+RHADP1AKUiJAr6SsKzNcu+81HrtSeV4xbaIPAvoyNfkw1jOA6Y=&quot;
}
 
17:44:10.846 [pool-1-thread-3] INFO  com.intuit.karate - Environment variable is : popcorn 
17:44:10.857 [pool-1-thread-4] INFO  com.intuit.karate - [print] employee list search with phone number response --&gt;  {
  &quot;page&quot;: {
    &quot;pageNumber&quot;: 0,
    &quot;pageSize&quot;: 0,
    &quot;hasNext&quot;: false,
    &quot;totalCount&quot;: 1
  },
  &quot;items&quot;: [
    {
      &quot;lastName&quot;: &quot;je6vsel&quot;,
      &quot;imagePath&quot;: null,
      &quot;roles&quot;: [
        {
          &quot;name&quot;: &quot;Super Admin&quot;,
          &quot;displayOrder&quot;: 0,
          &quot;description&quot;: null,
          &quot;colorCode&quot;: null,
          &quot;id&quot;: &quot;4f1058c6-0985-4139-8302-b50df344c339&quot;
        }
      ],
      &quot;orderCount&quot;: 0,
      &quot;fullName&quot;: &quot;je6vsel je6vsel&quot;,
      &quot;title&quot;: &quot;je6vsel&quot;,
      &quot;firstName&quot;: &quot;je6vsel&quot;,
      &quot;createdAt&quot;: &quot;2022-01-17T14:44:09.847Z&quot;,
      &quot;phoneNumber&quot;: null,
      &quot;roleIds&quot;: [
        &quot;4f1058c6-0985-4139-8302-b50df344c339&quot;
      ],
      &quot;imageUrl&quot;: null,
      &quot;statusText&quot;: &quot;Passive&quot;,
      &quot;statusName&quot;: &quot;be.user.enums.userstatus.passive&quot;,
      &quot;phoneCountryId&quot;: &quot;00000000-0000-0000-0000-000000000000&quot;,
      &quot;id&quot;: &quot;e293a36e-01f3-408f-a20c-afe965c8774c&quot;,
      &quot;email&quot;: &quot;ryubn91@grr.la&quot;,
      &quot;status&quot;: 0,
      &quot;updatedAt&quot;: &quot;2022-01-17T14:44:09.847Z&quot;
    }
  ]
}
 
17:44:10.869 [pool-1-thread-4] INFO  com.intuit.karate - Environment variable is : popcorn 
17:44:11.011 [pool-1-thread-5] INFO  com.intuit.karate - [print] employee login with wrong scenario response --&gt; {
  &quot;visible&quot;: true,
  &quot;action&quot;: &quot;default&quot;,
  &quot;messages&quot;: [
    &quot;UnAuthorized&quot;
  ],
  &quot;type&quot;: &quot;authorization&quot;,
  &quot;title&quot;: null,
  &quot;message&quot;: &quot;UnAuthorized&quot;,
  &quot;typeCode&quot;: 401
}
 
17:44:11.013 [pool-1-thread-5] INFO  com.intuit.karate - Environment variable is : popcorn 
17:44:11.034 [pool-1-thread-1] INFO  com.intuit.karate - [print] employee login with wrong scenario response --&gt; {
  &quot;visible&quot;: true,
  &quot;action&quot;: &quot;default&quot;,
  &quot;messages&quot;: [
    &quot;UnAuthorized&quot;
  ],
  &quot;type&quot;: &quot;authorization&quot;,
  &quot;title&quot;: null,
  &quot;message&quot;: &quot;UnAuthorized&quot;,
  &quot;typeCode&quot;: 401
}
 
17:44:11.038 [pool-1-thread-1] INFO  com.intuit.karate - Environment variable is : popcorn 
17:44:11.333 [pool-1-thread-2] INFO  com.intuit.karate - [print] employee list search with full name response --&gt;  {
  &quot;page&quot;: {
    &quot;pageNumber&quot;: 0,
    &quot;pageSize&quot;: 0,
    &quot;hasNext&quot;: false,
    &quot;totalCount&quot;: 1
  },
  &quot;items&quot;: [
    {
      &quot;lastName&quot;: &quot;obxjzt7&quot;,
      &quot;imagePath&quot;: null,
      &quot;roles&quot;: [
        {
          &quot;name&quot;: &quot;Super Admin&quot;,
          &quot;displayOrder&quot;: 0,
          &quot;description&quot;: null,
          &quot;colorCode&quot;: null,
          &quot;id&quot;: &quot;4f1058c6-0985-4139-8302-b50df344c339&quot;
        }
      ],
      &quot;orderCount&quot;: 0,
      &quot;fullName&quot;: &quot;obxjzt7 obxjzt7&quot;,
      &quot;title&quot;: &quot;obxjzt7&quot;,
      &quot;firstName&quot;: &quot;obxjzt7&quot;,
      &quot;createdAt&quot;: &quot;2022-01-17T14:44:10.371Z&quot;,
      &quot;phoneNumber&quot;: null,
      &quot;roleIds&quot;: [
        &quot;4f1058c6-0985-4139-8302-b50df344c339&quot;
      ],
      &quot;imageUrl&quot;: null,
      &quot;statusText&quot;: &quot;Passive&quot;,
      &quot;statusName&quot;: &quot;be.user.enums.userstatus.passive&quot;,
      &quot;phoneCountryId&quot;: &quot;00000000-0000-0000-0000-000000000000&quot;,
      &quot;id&quot;: &quot;51b04135-d65c-4e6c-b72c-3ae502d33655&quot;,
      &quot;email&quot;: &quot;3mxbtnz@grr.la&quot;,
      &quot;status&quot;: 0,
      &quot;updatedAt&quot;: &quot;2022-01-17T14:44:10.371Z&quot;
    }
  ]
}
 
17:44:11.393 [pool-1-thread-3] INFO  com.intuit.karate - [print] employee login with wrong scenario response --&gt; {
  &quot;visible&quot;: true,
  &quot;action&quot;: &quot;default&quot;,
  &quot;messages&quot;: [
    &quot;UnAuthorized&quot;
  ],
  &quot;type&quot;: &quot;authorization&quot;,
  &quot;title&quot;: null,
  &quot;message&quot;: &quot;UnAuthorized&quot;,
  &quot;typeCode&quot;: 401
}
 
---------------------------------------------------------
feature: classpath:features/userApi/employee/employee_list.feature
scenarios:  7 | passed:  7 | failed:  0 | time: 9.8625
---------------------------------------------------------

17:44:11.518 [pool-2-thread-1] INFO  com.intuit.karate.Suite - &lt;&lt;pass&gt;&gt; feature 30 of 31 (1 remaining) classpath:features/userApi/employee/employee_list.feature
17:44:11.532 [pool-1-thread-5] INFO  com.intuit.karate - [print] employee login with wrong scenario response --&gt; {
  &quot;visible&quot;: true,
  &quot;action&quot;: &quot;default&quot;,
  &quot;messages&quot;: [
    &quot;UnAuthorized&quot;
  ],
  &quot;type&quot;: &quot;authorization&quot;,
  &quot;title&quot;: null,
  &quot;message&quot;: &quot;UnAuthorized&quot;,
  &quot;typeCode&quot;: 401
}
 
17:44:11.694 [pool-1-thread-1] INFO  com.intuit.karate - [print] employee login with wrong scenario response --&gt; {
  &quot;visible&quot;: true,
  &quot;action&quot;: &quot;default&quot;,
  &quot;messages&quot;: [
    &quot;UnAuthorized&quot;
  ],
  &quot;type&quot;: &quot;authorization&quot;,
  &quot;title&quot;: null,
  &quot;message&quot;: &quot;UnAuthorized&quot;,
  &quot;typeCode&quot;: 401
}
 
17:44:11.880 [pool-1-thread-4] INFO  com.intuit.karate - [print] employee login with wrong scenario response --&gt; {
  &quot;visible&quot;: true,
  &quot;action&quot;: &quot;default&quot;,
  &quot;messages&quot;: [
    &quot;UnAuthorized&quot;
  ],
  &quot;type&quot;: &quot;authorization&quot;,
  &quot;title&quot;: null,
  &quot;message&quot;: &quot;UnAuthorized&quot;,
  &quot;typeCode&quot;: 401
}
 
---------------------------------------------------------
feature: classpath:features/userApi/employee/employee_login.feature
scenarios:  7 | passed:  7 | failed:  0 | time: 4.8255
---------------------------------------------------------

17:44:12.011 [pool-2-thread-1] INFO  com.intuit.karate.Suite - &lt;&lt;pass&gt;&gt; feature 31 of 31 (0 remaining) classpath:features/userApi/employee/employee_login.feature
Karate version: 1.0.1
======================================================
elapsed:  42.24 | threads:    5 | thread time: 185.27 
features:    31 | skipped:    0 | efficiency: 0.88
scenarios:  130 | passed:   128 | failed: 2
======================================================
&gt;&gt;&gt; failed features:
match failed: CONTAINS
  $ | actual does not contain expected (STRING:STRING)
  &apos;Please fill the required fields.&apos;
  &apos;be.user.required&apos;

classpath:features/basketApi/customer_address_create.feature:72
status code was: 400, expected: 203, response time in milliseconds: 758, url: https://testapi.popcornvan.cloud/user/Customer/LoginWithPhone, response: 
{&quot;validations&quot;:{&quot;phoneNumber&quot;:[&quot;This user does not exist. Please Sign up.&quot;]},&quot;typeCode&quot;:400,&quot;type&quot;:&quot;validation&quot;,&quot;action&quot;:&quot;default&quot;,&quot;visible&quot;:true,&quot;title&quot;:null,&quot;messages&quot;:[&quot;This user does not exist. Please Sign up.&quot;],&quot;message&quot;:&quot;This user does not exist. Please Sign up.&quot;}
classpath:features/userApi/customer/customer_login_with_phone.feature:26
&lt;&lt;&lt;

HTML report: (paste into browser to view) | Karate version: 1.0.1
file:///Users/busraozdemir/Documents/popcornApiAutomation/target/karate-reports/karate-summary.html
===================================================================

</system-out>
    <system-err>ERROR StatusLogger No log4j2 configuration file found. Using default configuration: logging only errors to the console.
</system-err>
  </testcase>
</testsuite>